==========================================
Capstone VidGen Pipeline (LATEST EVERYTHING)
==========================================
Job ID: 7391
Node: gpucluster-g1
Start time: Sat Jul 12 19:42:12 HKT 2025
✓ Working in: /userhome/cs3/adelalau/Capstone VidGen
Removing any existing environments...

Remove all packages in environment /userhome/cs3/adelalau/anaconda3/envs/poem_vidgen_stable:


## Package Plan ##

  environment location: /userhome/cs3/adelalau/anaconda3/envs/poem_vidgen_stable


The following packages will be REMOVED:

  _libgcc_mutex-0.1-main
  _openmp_mutex-5.1-1_gnu
  blas-1.0-mkl
  bottleneck-1.4.2-py39ha9d4c09_0
  brotli-python-1.0.9-py39h6a678d5_9
  brotlicffi-1.0.9.2-py39h6a678d5_1
  bzip2-1.0.8-h5eee18b_6
  c-ares-1.19.1-h5eee18b_0
  ca-certificates-2025.2.25-h06a4308_0
  certifi-2025.6.15-py39h06a4308_0
  cffi-1.17.1-py39h1fdaa30_1
  charset-normalizer-3.3.2-pyhd3eb1b0_0
  contourpy-1.2.1-py39hdb19cb5_1
  cuda-cudart-11.8.89-0
  cuda-cupti-11.8.87-0
  cuda-libraries-11.8.0-0
  cuda-nvrtc-11.8.89-0
  cuda-nvtx-11.8.86-0
  cuda-runtime-11.8.0-0
  cuda-version-12.9-3
  cycler-0.11.0-pyhd3eb1b0_0
  cyrus-sasl-2.1.28-h52b45da_1
  expat-2.7.1-h6a678d5_0
  ffmpeg-4.3-hf484d3e_0
  filelock-3.17.0-py39h06a4308_0
  fontconfig-2.14.1-h55d465d_3
  fonttools-4.55.3-py39h5eee18b_0
  freetype-2.13.3-h4a9f257_0
  gmp-6.3.0-h6a678d5_0
  gmpy2-2.2.1-py39h5eee18b_0
  gnutls-3.6.15-he1e5248_0
  icu-73.1-h6a678d5_0
  idna-3.7-py39h06a4308_0
  importlib_resources-6.4.0-py39h06a4308_0
  intel-openmp-2023.1.0-hdb19cb5_46306
  jinja2-3.1.6-py39h06a4308_0
  jpeg-9e-h5eee18b_3
  kiwisolver-1.4.4-py39h6a678d5_0
  krb5-1.20.1-h143b758_1
  lame-3.100-h7b6447c_0
  lcms2-2.16-h92b89f2_1
  ld_impl_linux-64-2.40-h12ee557_0
  lerc-4.0.0-h6a678d5_0
  libabseil-20250127.0-cxx17_h6a678d5_0
  libcublas-11.11.3.6-0
  libcufft-10.9.0.58-0
  libcufile-1.14.1.1-4
  libcups-2.4.2-h2d74bed_1
  libcurand-10.3.10.19-0
  libcurl-8.12.1-hc9e6f67_0
  libcusolver-11.4.1.48-0
  libcusparse-11.7.5.86-0
  libdeflate-1.22-h5eee18b_0
  libedit-3.1.20230828-h5eee18b_0
  libev-4.33-h7f8727e_1
  libffi-3.4.4-h6a678d5_1
  libgcc-ng-11.2.0-h1234567_1
  libglib-2.84.2-h37c7471_0
  libgomp-11.2.0-h1234567_1
  libiconv-1.16-h5eee18b_3
  libidn2-2.3.4-h5eee18b_0
  libjpeg-turbo-2.0.0-h9bf148f_0
  libnghttp2-1.57.0-h2d74bed_0
  libnpp-11.8.0.86-0
  libnvjpeg-11.9.0.86-0
  libpng-1.6.39-h5eee18b_0
  libpq-17.4-hdbd6064_0
  libprotobuf-5.29.3-h3cdef7c_1
  libssh2-1.11.1-h251f7ec_0
  libstdcxx-ng-11.2.0-h1234567_1
  libtasn1-4.19.0-h5eee18b_0
  libtiff-4.7.0-hde9077f_0
  libunistring-0.9.10-h27cfd23_0
  libuuid-1.41.5-h5eee18b_0
  libwebp-base-1.3.2-h5eee18b_1
  libxcb-1.17.0-h9b100fa_0
  libxkbcommon-1.9.1-h69220b7_0
  libxml2-2.13.8-hfdd30dd_0
  llvm-openmp-14.0.6-h9e868ea_0
  lz4-c-1.9.4-h6a678d5_1
  markupsafe-3.0.2-py39h5eee18b_0
  matplotlib-3.9.2-py39h06a4308_1
  matplotlib-base-3.9.2-py39hbfdbfaf_1
  mkl-2023.1.0-h213fc3f_46344
  mkl-service-2.4.0-py39h5eee18b_2
  mkl_fft-1.3.11-py39h5eee18b_0
  mkl_random-1.2.8-py39h1128e8f_0
  mpc-1.3.1-h5eee18b_0
  mpfr-4.2.1-h5eee18b_0
  mpmath-1.3.0-py39h06a4308_0
  mysql-8.4.0-h721767e_2
  ncurses-6.4-h6a678d5_0
  nettle-3.7.3-hbbd107a_1
  networkx-3.2.1-py39h06a4308_0
  numexpr-2.10.1-py39h3c60e43_0
  numpy-1.24.3-py39hf6e8229_1
  numpy-base-1.24.3-py39h060ed82_1
  openh264-2.1.1-h4ff587b_0
  openjpeg-2.5.2-h0d4d230_1
  openldap-2.6.4-h42fbc30_0
  openssl-3.0.16-h5eee18b_0
  packaging-24.2-py39h06a4308_0
  pandas-2.2.3-py39h6a678d5_0
  pcre2-10.42-hebb0a14_1
  pillow-11.1.0-py39hac6e08b_1
  pip-25.1-pyhc872135_2
  pthread-stubs-0.3-h0ce48e5_1
  pycparser-2.21-pyhd3eb1b0_0
  pyparsing-3.2.0-py39h06a4308_0
  pyqt-6.7.1-py39h6a678d5_1
  pyqt6-sip-13.9.1-py39h5eee18b_1
  pysocks-1.7.1-py39h06a4308_0
  python-3.9.23-he99959a_0
  python-dateutil-2.9.0post0-py39h06a4308_2
  python-tzdata-2025.2-pyhd3eb1b0_0
  pytorch-2.1.0-py3.9_cuda11.8_cudnn8.7.0_0
  pytorch-cuda-11.8-h7e8668a_6
  pytorch-mutex-1.0-cuda
  pytz-2025.2-py39h06a4308_0
  pyyaml-6.0.2-py39h5eee18b_0
  qtbase-6.7.3-hdaa5aa8_0
  qtdeclarative-6.7.3-h6a678d5_0
  qtsvg-6.7.3-he621ea3_0
  qttools-6.7.3-h80c7b02_0
  qtwebchannel-6.7.3-h6a678d5_0
  qtwebsockets-6.7.3-h6a678d5_0
  readline-8.2-h5eee18b_0
  requests-2.32.4-py39h06a4308_0
  setuptools-78.1.1-py39h06a4308_0
  sip-6.10.0-py39h6a678d5_0
  six-1.17.0-py39h06a4308_0
  sqlite-3.45.3-h5eee18b_0
  sympy-1.13.3-py39h06a4308_1
  tbb-2021.8.0-hdb19cb5_0
  tk-8.6.14-h993c535_1
  tomli-2.0.1-py39h06a4308_0
  torchaudio-2.1.0-py39_cu118
  torchtriton-2.1.0-py39
  torchvision-0.16.0-py39_cu118
  tornado-6.5.1-py39h5eee18b_0
  tqdm-4.67.1-py39h2f386ee_0
  typing_extensions-4.12.2-py39h06a4308_0
  tzdata-2025b-h04d1e81_0
  unicodedata2-15.1.0-py39h5eee18b_1
  urllib3-2.5.0-py39h06a4308_0
  wheel-0.45.1-py39h06a4308_0
  xcb-util-0.4.1-h5eee18b_2
  xcb-util-cursor-0.1.5-h5eee18b_0
  xcb-util-image-0.4.0-h5eee18b_2
  xcb-util-renderutil-0.3.10-h5eee18b_0
  xkeyboard-config-2.44-h5eee18b_0
  xorg-libx11-1.8.12-h9b100fa_1
  xorg-libxau-1.0.12-h9b100fa_0
  xorg-libxdmcp-1.1.5-h9b100fa_0
  xorg-xorgproto-2024.1-h5eee18b_1
  xz-5.6.4-h5eee18b_1
  yaml-0.2.5-h7b6447c_0
  zipp-3.21.0-py39h06a4308_0
  zlib-1.2.13-h5eee18b_1
  zstd-1.5.6-hc292b87_0


Preparing transaction: ...working... done
Verifying transaction: ...working... done
Executing transaction: ...working... done

Remove all packages in environment /userhome/cs3/adelalau/anaconda3/envs/poem_vidgen_working:


## Package Plan ##

  environment location: /userhome/cs3/adelalau/anaconda3/envs/poem_vidgen_working


The following packages will be REMOVED:

  _libgcc_mutex-0.1-main
  _openmp_mutex-5.1-1_gnu
  alsa-lib-1.2.14-hb9d3cd8_0
  brotli-1.1.0-hb9d3cd8_3
  brotli-bin-1.1.0-hb9d3cd8_3
  bzip2-1.0.8-h5eee18b_6
  ca-certificates-2025.7.9-hbd8a1cb_0
  cairo-1.18.4-h3394656_0
  certifi-2025.7.9-pyhd8ed1ab_0
  colorama-0.4.6-pyhd8ed1ab_1
  contourpy-1.3.0-py39h74842e3_2
  cycler-0.12.1-pyhd8ed1ab_1
  cyrus-sasl-2.1.28-hd9c7081_0
  dbus-1.13.6-h5008d03_3
  double-conversion-3.3.1-h5888daf_0
  expat-2.7.0-h5888daf_0
  font-ttf-dejavu-sans-mono-2.37-hab24e00_0
  font-ttf-inconsolata-3.000-h77eed37_0
  font-ttf-source-code-pro-2.038-h77eed37_0
  font-ttf-ubuntu-0.83-h77eed37_3
  fontconfig-2.15.0-h7e30c49_1
  fonts-conda-ecosystem-1-0
  fonts-conda-forge-1-0
  fonttools-4.58.5-py39h9399b63_0
  freetype-2.13.3-ha770c72_1
  graphite2-1.3.14-h5888daf_0
  harfbuzz-11.0.0-h76408a6_0
  icu-75.1-he02047a_0
  importlib-resources-6.5.2-pyhd8ed1ab_0
  importlib_resources-6.5.2-pyhd8ed1ab_0
  keyutils-1.6.1-h166bdaf_0
  kiwisolver-1.4.7-py39h74842e3_0
  krb5-1.21.3-h659f571_0
  lcms2-2.17-h717163a_0
  ld_impl_linux-64-2.40-h12ee557_0
  lerc-4.0.0-h0aef613_1
  libblas-3.9.0-32_h59b9bed_openblas
  libbrotlicommon-1.1.0-hb9d3cd8_3
  libbrotlidec-1.1.0-hb9d3cd8_3
  libbrotlienc-1.1.0-hb9d3cd8_3
  libcblas-3.9.0-32_he106b2a_openblas
  libclang-cpp20.1-20.1.8-default_hddf928d_0
  libclang13-20.1.8-default_ha444ac7_0
  libcups-2.3.3-hb8b1518_5
  libdeflate-1.24-h86f0d12_0
  libdrm-2.4.125-hb9d3cd8_0
  libedit-3.1.20250104-pl5321h7949ede_0
  libegl-1.7.0-ha4b6fd6_2
  libexpat-2.7.0-h5888daf_0
  libffi-3.4.4-h6a678d5_1
  libfreetype-2.13.3-ha770c72_1
  libfreetype6-2.13.3-h48d6fc4_1
  libgcc-15.1.0-h767d61c_3
  libgcc-ng-15.1.0-h69a702a_3
  libgfortran-15.1.0-h69a702a_3
  libgfortran5-15.1.0-hcea5267_3
  libgl-1.7.0-ha4b6fd6_2
  libglib-2.84.0-h2ff4ddf_0
  libglvnd-1.7.0-ha4b6fd6_2
  libglx-1.7.0-ha4b6fd6_2
  libgomp-15.1.0-h767d61c_3
  libiconv-1.18-h4ce23a2_1
  libjpeg-turbo-3.1.0-hb9d3cd8_0
  liblapack-3.9.0-32_h7ac8fdf_openblas
  libllvm20-20.1.8-hecd9e04_0
  liblzma-5.8.1-hb9d3cd8_2
  liblzma-devel-5.8.1-hb9d3cd8_2
  libnsl-2.0.1-hb9d3cd8_1
  libntlm-1.8-hb9d3cd8_0
  libopenblas-0.3.30-pthreads_h94d23a6_0
  libopengl-1.7.0-ha4b6fd6_2
  libpciaccess-0.18-hb9d3cd8_0
  libpng-1.6.50-h943b412_0
  libpq-17.5-h27ae623_0
  libsqlite-3.50.2-hee844dc_2
  libstdcxx-15.1.0-h8f9b012_3
  libstdcxx-ng-15.1.0-h4852527_3
  libtiff-4.7.0-hf01ce69_5
  libuuid-2.38.1-h0b41bf4_0
  libwebp-base-1.6.0-hd42ef1d_0
  libxcb-1.17.0-h9b100fa_0
  libxcrypt-4.4.36-hd590300_1
  libxkbcommon-1.10.0-h65c71a3_0
  libxml2-2.13.8-h4bc477f_0
  libxslt-1.1.39-h76b75d6_0
  libzlib-1.3.1-hb9d3cd8_2
  matplotlib-3.9.4-py39hf3d152e_0
  matplotlib-base-3.9.4-py39h16632d1_0
  munkres-1.1.4-pyhd8ed1ab_1
  mysql-common-9.0.1-h266115a_6
  mysql-libs-9.0.1-he0572af_6
  ncurses-6.5-h2d0b736_3
  numpy-2.0.2-py39h9cb892a_1
  openjpeg-2.5.3-h5fbd93e_0
  openldap-2.6.10-he970967_0
  openssl-3.5.1-h7b32b05_0
  packaging-25.0-pyh29332c3_1
  pandas-2.3.1-py39h1b6b32d_0
  pcre2-10.44-hc749103_2
  pillow-11.3.0-py39h15c0740_0
  pip-25.1-pyhc872135_2
  pixman-0.46.2-h29eaf8c_0
  pthread-stubs-0.3-h0ce48e5_1
  pyparsing-3.2.3-pyhd8ed1ab_1
  pyside6-6.9.0-py39h0383914_0
  python-3.9.23-hc30ae73_0_cpython
  python-dateutil-2.9.0.post0-pyhe01879c_2
  python-tzdata-2025.2-pyhd8ed1ab_0
  python_abi-3.9-7_cp39
  pytz-2025.2-pyhd8ed1ab_0
  qhull-2020.2-h434a139_5
  qt6-main-6.9.0-h6441bc3_0
  readline-8.2-h5eee18b_0
  setuptools-78.1.1-py39h06a4308_0
  six-1.17.0-pyhd8ed1ab_0
  sqlite-3.50.2-heff268d_2
  tk-8.6.13-noxft_hd72426e_102
  tornado-6.5.1-py39h8cd3c5a_0
  tqdm-4.67.1-pyhd8ed1ab_1
  tzdata-2025b-h04d1e81_0
  unicodedata2-16.0.0-py39h8cd3c5a_0
  wayland-1.23.1-h3e06ad9_0
  wheel-0.45.1-py39h06a4308_0
  xcb-util-0.4.1-h4f16b4b_2
  xcb-util-cursor-0.1.5-hb9d3cd8_0
  xcb-util-image-0.4.0-hb711507_2
  xcb-util-keysyms-0.4.1-hb711507_0
  xcb-util-renderutil-0.3.10-hb711507_0
  xcb-util-wm-0.4.2-hb711507_0
  xkeyboard-config-2.45-hb9d3cd8_0
  xorg-libice-1.1.2-hb9d3cd8_0
  xorg-libsm-1.2.6-he73a12e_0
  xorg-libx11-1.8.12-h9b100fa_1
  xorg-libxau-1.0.12-h9b100fa_0
  xorg-libxcomposite-0.4.6-hb9d3cd8_2
  xorg-libxcursor-1.2.3-hb9d3cd8_0
  xorg-libxdamage-1.1.6-hb9d3cd8_0
  xorg-libxdmcp-1.1.5-h9b100fa_0
  xorg-libxext-1.3.6-hb9d3cd8_0
  xorg-libxfixes-6.0.1-hb9d3cd8_0
  xorg-libxi-1.8.2-hb9d3cd8_0
  xorg-libxrandr-1.5.4-hb9d3cd8_0
  xorg-libxrender-0.9.12-hb9d3cd8_0
  xorg-libxtst-1.2.5-hb9d3cd8_3
  xorg-libxxf86vm-1.1.6-hb9d3cd8_0
  xorg-xorgproto-2024.1-h5eee18b_1
  xz-5.8.1-hbcc6ac9_2
  xz-gpl-tools-5.8.1-hbcc6ac9_2
  xz-tools-5.8.1-hb9d3cd8_2
  zipp-3.23.0-pyhd8ed1ab_0
  zlib-1.3.1-hb9d3cd8_2
  zstd-1.5.7-hb8e6e7a_2


Preparing transaction: ...working... done
Verifying transaction: ...working... done
Executing transaction: ...working... done

Remove all packages in environment /userhome/cs3/adelalau/anaconda3/envs/poem_vidgen_robust:


## Package Plan ##

  environment location: /userhome/cs3/adelalau/anaconda3/envs/poem_vidgen_robust


The following packages will be REMOVED:

  _libgcc_mutex-0.1-main
  _openmp_mutex-5.1-1_gnu
  blas-1.0-openblas
  bottleneck-1.4.2-py39ha9d4c09_0
  brotli-python-1.0.9-py39h6a678d5_9
  bzip2-1.0.8-h5eee18b_6
  c-ares-1.19.1-h5eee18b_0
  ca-certificates-2025.2.25-h06a4308_0
  contourpy-1.2.1-py39hdb19cb5_1
  cycler-0.11.0-pyhd3eb1b0_0
  cyrus-sasl-2.1.28-h52b45da_1
  expat-2.7.1-h6a678d5_0
  fontconfig-2.14.1-h55d465d_3
  fonttools-4.55.3-py39h5eee18b_0
  freetype-2.13.3-h4a9f257_0
  icu-73.1-h6a678d5_0
  importlib_resources-6.4.0-py39h06a4308_0
  jpeg-9e-h5eee18b_3
  kiwisolver-1.4.4-py39h6a678d5_0
  krb5-1.20.1-h143b758_1
  lcms2-2.16-h92b89f2_1
  ld_impl_linux-64-2.40-h12ee557_0
  lerc-4.0.0-h6a678d5_0
  libabseil-20250127.0-cxx17_h6a678d5_0
  libcups-2.4.2-h2d74bed_1
  libcurl-8.12.1-hc9e6f67_0
  libdeflate-1.22-h5eee18b_0
  libedit-3.1.20230828-h5eee18b_0
  libev-4.33-h7f8727e_1
  libffi-3.4.4-h6a678d5_1
  libgcc-ng-11.2.0-h1234567_1
  libgfortran-ng-11.2.0-h00389a5_1
  libgfortran5-11.2.0-h1234567_1
  libglib-2.84.2-h37c7471_0
  libgomp-11.2.0-h1234567_1
  libiconv-1.16-h5eee18b_3
  libnghttp2-1.57.0-h2d74bed_0
  libopenblas-0.3.29-ha39b09d_0
  libpng-1.6.39-h5eee18b_0
  libpq-17.4-hdbd6064_0
  libprotobuf-5.29.3-h3cdef7c_1
  libssh2-1.11.1-h251f7ec_0
  libstdcxx-ng-11.2.0-h1234567_1
  libtiff-4.7.0-hde9077f_0
  libuuid-1.41.5-h5eee18b_0
  libwebp-base-1.3.2-h5eee18b_1
  libxcb-1.17.0-h9b100fa_0
  libxkbcommon-1.9.1-h69220b7_0
  libxml2-2.13.8-hfdd30dd_0
  lz4-c-1.9.4-h6a678d5_1
  matplotlib-3.9.2-py39h06a4308_1
  matplotlib-base-3.9.2-py39hbfdbfaf_1
  mysql-8.4.0-h721767e_2
  ncurses-6.4-h6a678d5_0
  numexpr-2.10.1-py39hd28fd6d_0
  numpy-2.0.2-py39hc213724_2
  numpy-base-2.0.2-py39hf387b04_2
  openjpeg-2.5.2-h0d4d230_1
  openldap-2.6.4-h42fbc30_0
  openssl-3.0.16-h5eee18b_0
  packaging-24.2-py39h06a4308_0
  pandas-2.2.3-py39h6a678d5_0
  pcre2-10.42-hebb0a14_1
  pillow-11.1.0-py39hac6e08b_1
  pip-25.1-pyhc872135_2
  pthread-stubs-0.3-h0ce48e5_1
  pyparsing-3.2.0-py39h06a4308_0
  pyqt-6.7.1-py39h6a678d5_1
  pyqt6-sip-13.9.1-py39h5eee18b_1
  python-3.9.23-he99959a_0
  python-dateutil-2.9.0post0-py39h06a4308_2
  python-tzdata-2025.2-pyhd3eb1b0_0
  pytz-2025.2-py39h06a4308_0
  qtbase-6.7.3-hdaa5aa8_0
  qtdeclarative-6.7.3-h6a678d5_0
  qtsvg-6.7.3-he621ea3_0
  qttools-6.7.3-h80c7b02_0
  qtwebchannel-6.7.3-h6a678d5_0
  qtwebsockets-6.7.3-h6a678d5_0
  readline-8.2-h5eee18b_0
  setuptools-72.1.0-py39h06a4308_0
  sip-6.10.0-py39h6a678d5_0
  six-1.17.0-py39h06a4308_0
  sqlite-3.45.3-h5eee18b_0
  tk-8.6.14-h993c535_1
  tomli-2.0.1-py39h06a4308_0
  tornado-6.5.1-py39h5eee18b_0
  tqdm-4.67.1-py39h2f386ee_0
  tzdata-2025b-h04d1e81_0
  unicodedata2-15.1.0-py39h5eee18b_1
  wheel-0.45.1-py39h06a4308_0
  xcb-util-0.4.1-h5eee18b_2
  xcb-util-cursor-0.1.5-h5eee18b_0
  xcb-util-image-0.4.0-h5eee18b_2
  xcb-util-renderutil-0.3.10-h5eee18b_0
  xkeyboard-config-2.44-h5eee18b_0
  xorg-libx11-1.8.12-h9b100fa_1
  xorg-libxau-1.0.12-h9b100fa_0
  xorg-libxdmcp-1.1.5-h9b100fa_0
  xorg-xorgproto-2024.1-h5eee18b_1
  xz-5.6.4-h5eee18b_1
  zipp-3.21.0-py39h06a4308_0
  zlib-1.2.13-h5eee18b_1
  zstd-1.5.6-hc292b87_0


Preparing transaction: ...working... done
Verifying transaction: ...working... done
Executing transaction: ...working... done
Creating fresh environment...
Channels:
 - defaults
Platform: linux-64
Collecting package metadata (repodata.json): ...working... done
Solving environment: ...working... done

## Package Plan ##

  environment location: /userhome/cs3/adelalau/anaconda3/envs/poem_vidgen_latest

  added / updated specs:
    - python=3.11


The following NEW packages will be INSTALLED:

  _libgcc_mutex      pkgs/main/linux-64::_libgcc_mutex-0.1-main 
  _openmp_mutex      pkgs/main/linux-64::_openmp_mutex-5.1-1_gnu 
  bzip2              pkgs/main/linux-64::bzip2-1.0.8-h5eee18b_6 
  ca-certificates    pkgs/main/linux-64::ca-certificates-2025.2.25-h06a4308_0 
  expat              pkgs/main/linux-64::expat-2.7.1-h6a678d5_0 
  ld_impl_linux-64   pkgs/main/linux-64::ld_impl_linux-64-2.40-h12ee557_0 
  libffi             pkgs/main/linux-64::libffi-3.4.4-h6a678d5_1 
  libgcc-ng          pkgs/main/linux-64::libgcc-ng-11.2.0-h1234567_1 
  libgomp            pkgs/main/linux-64::libgomp-11.2.0-h1234567_1 
  libstdcxx-ng       pkgs/main/linux-64::libstdcxx-ng-11.2.0-h1234567_1 
  libuuid            pkgs/main/linux-64::libuuid-1.41.5-h5eee18b_0 
  libxcb             pkgs/main/linux-64::libxcb-1.17.0-h9b100fa_0 
  ncurses            pkgs/main/linux-64::ncurses-6.4-h6a678d5_0 
  openssl            pkgs/main/linux-64::openssl-3.0.16-h5eee18b_0 
  pip                pkgs/main/noarch::pip-25.1-pyhc872135_2 
  pthread-stubs      pkgs/main/linux-64::pthread-stubs-0.3-h0ce48e5_1 
  python             pkgs/main/linux-64::python-3.11.13-h1a3bd86_0 
  readline           pkgs/main/linux-64::readline-8.2-h5eee18b_0 
  setuptools         pkgs/main/linux-64::setuptools-78.1.1-py311h06a4308_0 
  sqlite             pkgs/main/linux-64::sqlite-3.45.3-h5eee18b_0 
  tk                 pkgs/main/linux-64::tk-8.6.14-h993c535_1 
  tzdata             pkgs/main/noarch::tzdata-2025b-h04d1e81_0 
  wheel              pkgs/main/linux-64::wheel-0.45.1-py311h06a4308_0 
  xorg-libx11        pkgs/main/linux-64::xorg-libx11-1.8.12-h9b100fa_1 
  xorg-libxau        pkgs/main/linux-64::xorg-libxau-1.0.12-h9b100fa_0 
  xorg-libxdmcp      pkgs/main/linux-64::xorg-libxdmcp-1.1.5-h9b100fa_0 
  xorg-xorgproto     pkgs/main/linux-64::xorg-xorgproto-2024.1-h5eee18b_1 
  xz                 pkgs/main/linux-64::xz-5.6.4-h5eee18b_1 
  zlib               pkgs/main/linux-64::zlib-1.2.13-h5eee18b_1 



Downloading and Extracting Packages: ...working... done
Preparing transaction: ...working... done
Verifying transaction: ...working... done
Executing transaction: ...working... done
#
# To activate this environment, use
#
#     $ conda activate poem_vidgen_latest
#
# To deactivate an active environment, use
#
#     $ conda deactivate

Installing LATEST PyTorch...
Looking in indexes: https://download.pytorch.org/whl/cu118
Collecting torch
  Downloading https://download.pytorch.org/whl/cu118/torch-2.7.1%2Bcu118-cp311-cp311-manylinux_2_28_x86_64.whl.metadata (28 kB)
Collecting torchvision
  Downloading https://download.pytorch.org/whl/cu118/torchvision-0.22.1%2Bcu118-cp311-cp311-manylinux_2_28_x86_64.whl.metadata (6.1 kB)
Collecting torchaudio
  Downloading https://download.pytorch.org/whl/cu118/torchaudio-2.7.1%2Bcu118-cp311-cp311-manylinux_2_28_x86_64.whl.metadata (6.6 kB)
Collecting filelock (from torch)
  Downloading https://download.pytorch.org/whl/filelock-3.13.1-py3-none-any.whl.metadata (2.8 kB)
Collecting typing-extensions>=4.10.0 (from torch)
  Downloading https://download.pytorch.org/whl/typing_extensions-4.12.2-py3-none-any.whl.metadata (3.0 kB)
Collecting sympy>=1.13.3 (from torch)
  Downloading https://download.pytorch.org/whl/sympy-1.13.3-py3-none-any.whl.metadata (12 kB)
Collecting networkx (from torch)
  Downloading https://download.pytorch.org/whl/networkx-3.3-py3-none-any.whl.metadata (5.1 kB)
Collecting jinja2 (from torch)
  Downloading https://download.pytorch.org/whl/Jinja2-3.1.4-py3-none-any.whl.metadata (2.6 kB)
Collecting fsspec (from torch)
  Downloading https://download.pytorch.org/whl/fsspec-2024.6.1-py3-none-any.whl.metadata (11 kB)
Collecting nvidia-cuda-nvrtc-cu11==11.8.89 (from torch)
  Downloading https://download.pytorch.org/whl/cu118/nvidia_cuda_nvrtc_cu11-11.8.89-py3-none-manylinux1_x86_64.whl (23.2 MB)
     ━━━━━━━━━━━━━━━━━━━━━━━━━━━━━━━━━━━━━━━ 23.2/23.2 MB 262.8 MB/s eta 0:00:00
Collecting nvidia-cuda-runtime-cu11==11.8.89 (from torch)
  Downloading https://download.pytorch.org/whl/cu118/nvidia_cuda_runtime_cu11-11.8.89-py3-none-manylinux1_x86_64.whl (875 kB)
     ━━━━━━━━━━━━━━━━━━━━━━━━━━━━━━━━━━━━━━ 875.6/875.6 kB 93.2 MB/s eta 0:00:00
Collecting nvidia-cuda-cupti-cu11==11.8.87 (from torch)
  Downloading https://download.pytorch.org/whl/cu118/nvidia_cuda_cupti_cu11-11.8.87-py3-none-manylinux1_x86_64.whl (13.1 MB)
     ━━━━━━━━━━━━━━━━━━━━━━━━━━━━━━━━━━━━━━━ 13.1/13.1 MB 235.6 MB/s eta 0:00:00
Collecting nvidia-cudnn-cu11==9.1.0.70 (from torch)
  Downloading https://download.pytorch.org/whl/cu118/nvidia_cudnn_cu11-9.1.0.70-py3-none-manylinux2014_x86_64.whl (663.9 MB)
     ━━━━━━━━━━━━━━━━━━━━━━━━━━━━━━━━━━━━━ 663.9/663.9 MB 167.3 MB/s eta 0:00:00
Collecting nvidia-cublas-cu11==11.11.3.6 (from torch)
  Downloading https://download.pytorch.org/whl/cu118/nvidia_cublas_cu11-11.11.3.6-py3-none-manylinux1_x86_64.whl (417.9 MB)
     ━━━━━━━━━━━━━━━━━━━━━━━━━━━━━━━━━━━━━ 417.9/417.9 MB 221.2 MB/s eta 0:00:00
Collecting nvidia-cufft-cu11==10.9.0.58 (from torch)
  Downloading https://download.pytorch.org/whl/cu118/nvidia_cufft_cu11-10.9.0.58-py3-none-manylinux1_x86_64.whl (168.4 MB)
     ━━━━━━━━━━━━━━━━━━━━━━━━━━━━━━━━━━━━━ 168.4/168.4 MB 240.4 MB/s eta 0:00:00
Collecting nvidia-curand-cu11==10.3.0.86 (from torch)
  Downloading https://download.pytorch.org/whl/cu118/nvidia_curand_cu11-10.3.0.86-py3-none-manylinux1_x86_64.whl (58.1 MB)
     ━━━━━━━━━━━━━━━━━━━━━━━━━━━━━━━━━━━━━━━ 58.1/58.1 MB 208.4 MB/s eta 0:00:00
Collecting nvidia-cusolver-cu11==11.4.1.48 (from torch)
  Downloading https://download.pytorch.org/whl/cu118/nvidia_cusolver_cu11-11.4.1.48-py3-none-manylinux1_x86_64.whl (128.2 MB)
     ━━━━━━━━━━━━━━━━━━━━━━━━━━━━━━━━━━━━━ 128.2/128.2 MB 236.4 MB/s eta 0:00:00
Collecting nvidia-cusparse-cu11==11.7.5.86 (from torch)
  Downloading https://download.pytorch.org/whl/cu118/nvidia_cusparse_cu11-11.7.5.86-py3-none-manylinux1_x86_64.whl (204.1 MB)
     ━━━━━━━━━━━━━━━━━━━━━━━━━━━━━━━━━━━━━ 204.1/204.1 MB 253.7 MB/s eta 0:00:00
Collecting nvidia-nccl-cu11==2.21.5 (from torch)
  Downloading https://download.pytorch.org/whl/cu118/nvidia_nccl_cu11-2.21.5-py3-none-manylinux2014_x86_64.whl (147.8 MB)
     ━━━━━━━━━━━━━━━━━━━━━━━━━━━━━━━━━━━━━ 147.8/147.8 MB 203.0 MB/s eta 0:00:00
Collecting nvidia-nvtx-cu11==11.8.86 (from torch)
  Downloading https://download.pytorch.org/whl/cu118/nvidia_nvtx_cu11-11.8.86-py3-none-manylinux1_x86_64.whl (99 kB)
Collecting triton==3.3.1 (from torch)
  Downloading https://download.pytorch.org/whl/triton-3.3.1-cp311-cp311-manylinux_2_27_x86_64.manylinux_2_28_x86_64.whl.metadata (1.5 kB)
Requirement already satisfied: setuptools>=40.8.0 in /userhome/cs3/adelalau/anaconda3/envs/poem_vidgen_latest/lib/python3.11/site-packages (from triton==3.3.1->torch) (78.1.1)
Collecting numpy (from torchvision)
  Downloading https://download.pytorch.org/whl/numpy-2.1.2-cp311-cp311-manylinux_2_17_x86_64.manylinux2014_x86_64.whl.metadata (60 kB)
Collecting pillow!=8.3.*,>=5.3.0 (from torchvision)
  Downloading https://download.pytorch.org/whl/pillow-11.0.0-cp311-cp311-manylinux_2_28_x86_64.whl.metadata (9.1 kB)
Collecting mpmath<1.4,>=1.1.0 (from sympy>=1.13.3->torch)
  Downloading https://download.pytorch.org/whl/mpmath-1.3.0-py3-none-any.whl (536 kB)
     ━━━━━━━━━━━━━━━━━━━━━━━━━━━━━━━━━━━━━━ 536.2/536.2 kB 53.9 MB/s eta 0:00:00
Collecting MarkupSafe>=2.0 (from jinja2->torch)
  Downloading https://download.pytorch.org/whl/MarkupSafe-2.1.5-cp311-cp311-manylinux_2_17_x86_64.manylinux2014_x86_64.whl (28 kB)
Downloading https://download.pytorch.org/whl/cu118/torch-2.7.1%2Bcu118-cp311-cp311-manylinux_2_28_x86_64.whl (905.3 MB)
   ━━━━━━━━━━━━━━━━━━━━━━━━━━━━━━━━━━━━━━━━ 905.3/905.3 MB 64.8 MB/s eta 0:00:00
Downloading https://download.pytorch.org/whl/triton-3.3.1-cp311-cp311-manylinux_2_27_x86_64.manylinux_2_28_x86_64.whl (155.7 MB)
   ━━━━━━━━━━━━━━━━━━━━━━━━━━━━━━━━━━━━━━━━ 155.7/155.7 MB 75.4 MB/s eta 0:00:00
Downloading https://download.pytorch.org/whl/cu118/torchvision-0.22.1%2Bcu118-cp311-cp311-manylinux_2_28_x86_64.whl (6.7 MB)
   ━━━━━━━━━━━━━━━━━━━━━━━━━━━━━━━━━━━━━━━━ 6.7/6.7 MB 78.1 MB/s eta 0:00:00
Downloading https://download.pytorch.org/whl/cu118/torchaudio-2.7.1%2Bcu118-cp311-cp311-manylinux_2_28_x86_64.whl (3.3 MB)
   ━━━━━━━━━━━━━━━━━━━━━━━━━━━━━━━━━━━━━━━━ 3.3/3.3 MB 72.7 MB/s eta 0:00:00
Downloading https://download.pytorch.org/whl/pillow-11.0.0-cp311-cp311-manylinux_2_28_x86_64.whl (4.4 MB)
   ━━━━━━━━━━━━━━━━━━━━━━━━━━━━━━━━━━━━━━━━ 4.4/4.4 MB 78.2 MB/s eta 0:00:00
Downloading https://download.pytorch.org/whl/sympy-1.13.3-py3-none-any.whl (6.2 MB)
   ━━━━━━━━━━━━━━━━━━━━━━━━━━━━━━━━━━━━━━━━ 6.2/6.2 MB 194.7 MB/s eta 0:00:00
Downloading https://download.pytorch.org/whl/typing_extensions-4.12.2-py3-none-any.whl (37 kB)
Downloading https://download.pytorch.org/whl/filelock-3.13.1-py3-none-any.whl (11 kB)
Downloading https://download.pytorch.org/whl/fsspec-2024.6.1-py3-none-any.whl (177 kB)
Downloading https://download.pytorch.org/whl/Jinja2-3.1.4-py3-none-any.whl (133 kB)
Downloading https://download.pytorch.org/whl/networkx-3.3-py3-none-any.whl (1.7 MB)
   ━━━━━━━━━━━━━━━━━━━━━━━━━━━━━━━━━━━━━━━━ 1.7/1.7 MB 64.1 MB/s eta 0:00:00
Downloading https://download.pytorch.org/whl/numpy-2.1.2-cp311-cp311-manylinux_2_17_x86_64.manylinux2014_x86_64.whl (16.3 MB)
   ━━━━━━━━━━━━━━━━━━━━━━━━━━━━━━━━━━━━━━━━ 16.3/16.3 MB 80.9 MB/s eta 0:00:00
Installing collected packages: mpmath, typing-extensions, triton, sympy, pillow, nvidia-nvtx-cu11, nvidia-nccl-cu11, nvidia-cusparse-cu11, nvidia-curand-cu11, nvidia-cufft-cu11, nvidia-cuda-runtime-cu11, nvidia-cuda-nvrtc-cu11, nvidia-cuda-cupti-cu11, nvidia-cublas-cu11, numpy, networkx, MarkupSafe, fsspec, filelock, nvidia-cusolver-cu11, nvidia-cudnn-cu11, jinja2, torch, torchvision, torchaudio

Successfully installed MarkupSafe-2.1.5 filelock-3.13.1 fsspec-2024.6.1 jinja2-3.1.4 mpmath-1.3.0 networkx-3.3 numpy-2.1.2 nvidia-cublas-cu11-11.11.3.6 nvidia-cuda-cupti-cu11-11.8.87 nvidia-cuda-nvrtc-cu11-11.8.89 nvidia-cuda-runtime-cu11-11.8.89 nvidia-cudnn-cu11-9.1.0.70 nvidia-cufft-cu11-10.9.0.58 nvidia-curand-cu11-10.3.0.86 nvidia-cusolver-cu11-11.4.1.48 nvidia-cusparse-cu11-11.7.5.86 nvidia-nccl-cu11-2.21.5 nvidia-nvtx-cu11-11.8.86 pillow-11.0.0 sympy-1.13.3 torch-2.7.1+cu118 torchaudio-2.7.1+cu118 torchvision-0.22.1+cu118 triton-3.3.1 typing-extensions-4.12.2
Testing PyTorch...
✓ PyTorch: 2.7.1+cu118
✓ CUDA available: True
✓ GPU: NVIDIA H800
✓ GPU Memory: 84.9 GB
Installing LATEST diffusers...
Collecting diffusers
  Downloading diffusers-0.34.0-py3-none-any.whl.metadata (20 kB)
Collecting importlib_metadata (from diffusers)
  Using cached importlib_metadata-8.7.0-py3-none-any.whl.metadata (4.8 kB)
Requirement already satisfied: filelock in /userhome/cs3/adelalau/anaconda3/envs/poem_vidgen_latest/lib/python3.11/site-packages (from diffusers) (3.13.1)
Collecting huggingface-hub>=0.27.0 (from diffusers)
  Using cached huggingface_hub-0.33.4-py3-none-any.whl.metadata (14 kB)
Requirement already satisfied: numpy in /userhome/cs3/adelalau/anaconda3/envs/poem_vidgen_latest/lib/python3.11/site-packages (from diffusers) (2.1.2)
Collecting regex!=2019.12.17 (from diffusers)
  Downloading regex-2024.11.6-cp311-cp311-manylinux_2_17_x86_64.manylinux2014_x86_64.whl.metadata (40 kB)
Collecting requests (from diffusers)
  Using cached requests-2.32.4-py3-none-any.whl.metadata (4.9 kB)
Collecting safetensors>=0.3.1 (from diffusers)
  Using cached safetensors-0.5.3-cp38-abi3-manylinux_2_17_x86_64.manylinux2014_x86_64.whl.metadata (3.8 kB)
Requirement already satisfied: Pillow in /userhome/cs3/adelalau/anaconda3/envs/poem_vidgen_latest/lib/python3.11/site-packages (from diffusers) (11.0.0)
Requirement already satisfied: fsspec>=2023.5.0 in /userhome/cs3/adelalau/anaconda3/envs/poem_vidgen_latest/lib/python3.11/site-packages (from huggingface-hub>=0.27.0->diffusers) (2024.6.1)
Collecting packaging>=20.9 (from huggingface-hub>=0.27.0->diffusers)
  Using cached packaging-25.0-py3-none-any.whl.metadata (3.3 kB)
Collecting pyyaml>=5.1 (from huggingface-hub>=0.27.0->diffusers)
  Downloading PyYAML-6.0.2-cp311-cp311-manylinux_2_17_x86_64.manylinux2014_x86_64.whl.metadata (2.1 kB)
Collecting tqdm>=4.42.1 (from huggingface-hub>=0.27.0->diffusers)
  Using cached tqdm-4.67.1-py3-none-any.whl.metadata (57 kB)
Requirement already satisfied: typing-extensions>=3.7.4.3 in /userhome/cs3/adelalau/anaconda3/envs/poem_vidgen_latest/lib/python3.11/site-packages (from huggingface-hub>=0.27.0->diffusers) (4.12.2)
Collecting hf-xet<2.0.0,>=1.1.2 (from huggingface-hub>=0.27.0->diffusers)
  Using cached hf_xet-1.1.5-cp37-abi3-manylinux_2_17_x86_64.manylinux2014_x86_64.whl.metadata (879 bytes)
Collecting zipp>=3.20 (from importlib_metadata->diffusers)
  Using cached zipp-3.23.0-py3-none-any.whl.metadata (3.6 kB)
Collecting charset_normalizer<4,>=2 (from requests->diffusers)
  Downloading charset_normalizer-3.4.2-cp311-cp311-manylinux_2_17_x86_64.manylinux2014_x86_64.whl.metadata (35 kB)
Collecting idna<4,>=2.5 (from requests->diffusers)
  Using cached idna-3.10-py3-none-any.whl.metadata (10 kB)
Collecting urllib3<3,>=1.21.1 (from requests->diffusers)
  Using cached urllib3-2.5.0-py3-none-any.whl.metadata (6.5 kB)
Collecting certifi>=2017.4.17 (from requests->diffusers)
  Using cached certifi-2025.7.9-py3-none-any.whl.metadata (2.4 kB)
Downloading diffusers-0.34.0-py3-none-any.whl (3.8 MB)
   ━━━━━━━━━━━━━━━━━━━━━━━━━━━━━━━━━━━━━━━━ 3.8/3.8 MB 187.2 MB/s eta 0:00:00
Using cached huggingface_hub-0.33.4-py3-none-any.whl (515 kB)
Using cached hf_xet-1.1.5-cp37-abi3-manylinux_2_17_x86_64.manylinux2014_x86_64.whl (3.1 MB)
Using cached packaging-25.0-py3-none-any.whl (66 kB)
Downloading PyYAML-6.0.2-cp311-cp311-manylinux_2_17_x86_64.manylinux2014_x86_64.whl (762 kB)
   ━━━━━━━━━━━━━━━━━━━━━━━━━━━━━━━━━━━━━━━ 763.0/763.0 kB 120.2 MB/s eta 0:00:00
Downloading regex-2024.11.6-cp311-cp311-manylinux_2_17_x86_64.manylinux2014_x86_64.whl (792 kB)
   ━━━━━━━━━━━━━━━━━━━━━━━━━━━━━━━━━━━━━━━ 792.7/792.7 kB 115.9 MB/s eta 0:00:00
Using cached safetensors-0.5.3-cp38-abi3-manylinux_2_17_x86_64.manylinux2014_x86_64.whl (471 kB)
Using cached tqdm-4.67.1-py3-none-any.whl (78 kB)
Using cached importlib_metadata-8.7.0-py3-none-any.whl (27 kB)
Using cached zipp-3.23.0-py3-none-any.whl (10 kB)
Using cached requests-2.32.4-py3-none-any.whl (64 kB)
Downloading charset_normalizer-3.4.2-cp311-cp311-manylinux_2_17_x86_64.manylinux2014_x86_64.whl (147 kB)
Using cached idna-3.10-py3-none-any.whl (70 kB)
Using cached urllib3-2.5.0-py3-none-any.whl (129 kB)
Using cached certifi-2025.7.9-py3-none-any.whl (159 kB)
Installing collected packages: zipp, urllib3, tqdm, safetensors, regex, pyyaml, packaging, idna, hf-xet, charset_normalizer, certifi, requests, importlib_metadata, huggingface-hub, diffusers

Successfully installed certifi-2025.7.9 charset_normalizer-3.4.2 diffusers-0.34.0 hf-xet-1.1.5 huggingface-hub-0.33.4 idna-3.10 importlib_metadata-8.7.0 packaging-25.0 pyyaml-6.0.2 regex-2024.11.6 requests-2.32.4 safetensors-0.5.3 tqdm-4.67.1 urllib3-2.5.0 zipp-3.23.0
Testing diffusers...
✓ Diffusers: 0.34.0
Installing LATEST transformers...
Collecting transformers
  Using cached transformers-4.53.2-py3-none-any.whl.metadata (40 kB)
Requirement already satisfied: filelock in /userhome/cs3/adelalau/anaconda3/envs/poem_vidgen_latest/lib/python3.11/site-packages (from transformers) (3.13.1)
Requirement already satisfied: huggingface-hub<1.0,>=0.30.0 in /userhome/cs3/adelalau/anaconda3/envs/poem_vidgen_latest/lib/python3.11/site-packages (from transformers) (0.33.4)
Requirement already satisfied: numpy>=1.17 in /userhome/cs3/adelalau/anaconda3/envs/poem_vidgen_latest/lib/python3.11/site-packages (from transformers) (2.1.2)
Requirement already satisfied: packaging>=20.0 in /userhome/cs3/adelalau/anaconda3/envs/poem_vidgen_latest/lib/python3.11/site-packages (from transformers) (25.0)
Requirement already satisfied: pyyaml>=5.1 in /userhome/cs3/adelalau/anaconda3/envs/poem_vidgen_latest/lib/python3.11/site-packages (from transformers) (6.0.2)
Requirement already satisfied: regex!=2019.12.17 in /userhome/cs3/adelalau/anaconda3/envs/poem_vidgen_latest/lib/python3.11/site-packages (from transformers) (2024.11.6)
Requirement already satisfied: requests in /userhome/cs3/adelalau/anaconda3/envs/poem_vidgen_latest/lib/python3.11/site-packages (from transformers) (2.32.4)
Collecting tokenizers<0.22,>=0.21 (from transformers)
  Using cached tokenizers-0.21.2-cp39-abi3-manylinux_2_17_x86_64.manylinux2014_x86_64.whl.metadata (6.8 kB)
Requirement already satisfied: safetensors>=0.4.3 in /userhome/cs3/adelalau/anaconda3/envs/poem_vidgen_latest/lib/python3.11/site-packages (from transformers) (0.5.3)
Requirement already satisfied: tqdm>=4.27 in /userhome/cs3/adelalau/anaconda3/envs/poem_vidgen_latest/lib/python3.11/site-packages (from transformers) (4.67.1)
Requirement already satisfied: fsspec>=2023.5.0 in /userhome/cs3/adelalau/anaconda3/envs/poem_vidgen_latest/lib/python3.11/site-packages (from huggingface-hub<1.0,>=0.30.0->transformers) (2024.6.1)
Requirement already satisfied: typing-extensions>=3.7.4.3 in /userhome/cs3/adelalau/anaconda3/envs/poem_vidgen_latest/lib/python3.11/site-packages (from huggingface-hub<1.0,>=0.30.0->transformers) (4.12.2)
Requirement already satisfied: hf-xet<2.0.0,>=1.1.2 in /userhome/cs3/adelalau/anaconda3/envs/poem_vidgen_latest/lib/python3.11/site-packages (from huggingface-hub<1.0,>=0.30.0->transformers) (1.1.5)
Requirement already satisfied: charset_normalizer<4,>=2 in /userhome/cs3/adelalau/anaconda3/envs/poem_vidgen_latest/lib/python3.11/site-packages (from requests->transformers) (3.4.2)
Requirement already satisfied: idna<4,>=2.5 in /userhome/cs3/adelalau/anaconda3/envs/poem_vidgen_latest/lib/python3.11/site-packages (from requests->transformers) (3.10)
Requirement already satisfied: urllib3<3,>=1.21.1 in /userhome/cs3/adelalau/anaconda3/envs/poem_vidgen_latest/lib/python3.11/site-packages (from requests->transformers) (2.5.0)
Requirement already satisfied: certifi>=2017.4.17 in /userhome/cs3/adelalau/anaconda3/envs/poem_vidgen_latest/lib/python3.11/site-packages (from requests->transformers) (2025.7.9)
Using cached transformers-4.53.2-py3-none-any.whl (10.8 MB)
Using cached tokenizers-0.21.2-cp39-abi3-manylinux_2_17_x86_64.manylinux2014_x86_64.whl (3.1 MB)
Installing collected packages: tokenizers, transformers

Successfully installed tokenizers-0.21.2 transformers-4.53.2
Installing LATEST accelerate...
Collecting accelerate
  Using cached accelerate-1.8.1-py3-none-any.whl.metadata (19 kB)
Requirement already satisfied: numpy<3.0.0,>=1.17 in /userhome/cs3/adelalau/anaconda3/envs/poem_vidgen_latest/lib/python3.11/site-packages (from accelerate) (2.1.2)
Requirement already satisfied: packaging>=20.0 in /userhome/cs3/adelalau/anaconda3/envs/poem_vidgen_latest/lib/python3.11/site-packages (from accelerate) (25.0)
Collecting psutil (from accelerate)
  Using cached psutil-7.0.0-cp36-abi3-manylinux_2_12_x86_64.manylinux2010_x86_64.manylinux_2_17_x86_64.manylinux2014_x86_64.whl.metadata (22 kB)
Requirement already satisfied: pyyaml in /userhome/cs3/adelalau/anaconda3/envs/poem_vidgen_latest/lib/python3.11/site-packages (from accelerate) (6.0.2)
Requirement already satisfied: torch>=2.0.0 in /userhome/cs3/adelalau/anaconda3/envs/poem_vidgen_latest/lib/python3.11/site-packages (from accelerate) (2.7.1+cu118)
Requirement already satisfied: huggingface_hub>=0.21.0 in /userhome/cs3/adelalau/anaconda3/envs/poem_vidgen_latest/lib/python3.11/site-packages (from accelerate) (0.33.4)
Requirement already satisfied: safetensors>=0.4.3 in /userhome/cs3/adelalau/anaconda3/envs/poem_vidgen_latest/lib/python3.11/site-packages (from accelerate) (0.5.3)
Requirement already satisfied: filelock in /userhome/cs3/adelalau/anaconda3/envs/poem_vidgen_latest/lib/python3.11/site-packages (from huggingface_hub>=0.21.0->accelerate) (3.13.1)
Requirement already satisfied: fsspec>=2023.5.0 in /userhome/cs3/adelalau/anaconda3/envs/poem_vidgen_latest/lib/python3.11/site-packages (from huggingface_hub>=0.21.0->accelerate) (2024.6.1)
Requirement already satisfied: requests in /userhome/cs3/adelalau/anaconda3/envs/poem_vidgen_latest/lib/python3.11/site-packages (from huggingface_hub>=0.21.0->accelerate) (2.32.4)
Requirement already satisfied: tqdm>=4.42.1 in /userhome/cs3/adelalau/anaconda3/envs/poem_vidgen_latest/lib/python3.11/site-packages (from huggingface_hub>=0.21.0->accelerate) (4.67.1)
Requirement already satisfied: typing-extensions>=3.7.4.3 in /userhome/cs3/adelalau/anaconda3/envs/poem_vidgen_latest/lib/python3.11/site-packages (from huggingface_hub>=0.21.0->accelerate) (4.12.2)
Requirement already satisfied: hf-xet<2.0.0,>=1.1.2 in /userhome/cs3/adelalau/anaconda3/envs/poem_vidgen_latest/lib/python3.11/site-packages (from huggingface_hub>=0.21.0->accelerate) (1.1.5)
Requirement already satisfied: sympy>=1.13.3 in /userhome/cs3/adelalau/anaconda3/envs/poem_vidgen_latest/lib/python3.11/site-packages (from torch>=2.0.0->accelerate) (1.13.3)
Requirement already satisfied: networkx in /userhome/cs3/adelalau/anaconda3/envs/poem_vidgen_latest/lib/python3.11/site-packages (from torch>=2.0.0->accelerate) (3.3)
Requirement already satisfied: jinja2 in /userhome/cs3/adelalau/anaconda3/envs/poem_vidgen_latest/lib/python3.11/site-packages (from torch>=2.0.0->accelerate) (3.1.4)
Requirement already satisfied: nvidia-cuda-nvrtc-cu11==11.8.89 in /userhome/cs3/adelalau/anaconda3/envs/poem_vidgen_latest/lib/python3.11/site-packages (from torch>=2.0.0->accelerate) (11.8.89)
Requirement already satisfied: nvidia-cuda-runtime-cu11==11.8.89 in /userhome/cs3/adelalau/anaconda3/envs/poem_vidgen_latest/lib/python3.11/site-packages (from torch>=2.0.0->accelerate) (11.8.89)
Requirement already satisfied: nvidia-cuda-cupti-cu11==11.8.87 in /userhome/cs3/adelalau/anaconda3/envs/poem_vidgen_latest/lib/python3.11/site-packages (from torch>=2.0.0->accelerate) (11.8.87)
Requirement already satisfied: nvidia-cudnn-cu11==9.1.0.70 in /userhome/cs3/adelalau/anaconda3/envs/poem_vidgen_latest/lib/python3.11/site-packages (from torch>=2.0.0->accelerate) (9.1.0.70)
Requirement already satisfied: nvidia-cublas-cu11==11.11.3.6 in /userhome/cs3/adelalau/anaconda3/envs/poem_vidgen_latest/lib/python3.11/site-packages (from torch>=2.0.0->accelerate) (11.11.3.6)
Requirement already satisfied: nvidia-cufft-cu11==10.9.0.58 in /userhome/cs3/adelalau/anaconda3/envs/poem_vidgen_latest/lib/python3.11/site-packages (from torch>=2.0.0->accelerate) (10.9.0.58)
Requirement already satisfied: nvidia-curand-cu11==10.3.0.86 in /userhome/cs3/adelalau/anaconda3/envs/poem_vidgen_latest/lib/python3.11/site-packages (from torch>=2.0.0->accelerate) (10.3.0.86)
Requirement already satisfied: nvidia-cusolver-cu11==11.4.1.48 in /userhome/cs3/adelalau/anaconda3/envs/poem_vidgen_latest/lib/python3.11/site-packages (from torch>=2.0.0->accelerate) (11.4.1.48)
Requirement already satisfied: nvidia-cusparse-cu11==11.7.5.86 in /userhome/cs3/adelalau/anaconda3/envs/poem_vidgen_latest/lib/python3.11/site-packages (from torch>=2.0.0->accelerate) (11.7.5.86)
Requirement already satisfied: nvidia-nccl-cu11==2.21.5 in /userhome/cs3/adelalau/anaconda3/envs/poem_vidgen_latest/lib/python3.11/site-packages (from torch>=2.0.0->accelerate) (2.21.5)
Requirement already satisfied: nvidia-nvtx-cu11==11.8.86 in /userhome/cs3/adelalau/anaconda3/envs/poem_vidgen_latest/lib/python3.11/site-packages (from torch>=2.0.0->accelerate) (11.8.86)
Requirement already satisfied: triton==3.3.1 in /userhome/cs3/adelalau/anaconda3/envs/poem_vidgen_latest/lib/python3.11/site-packages (from torch>=2.0.0->accelerate) (3.3.1)
Requirement already satisfied: setuptools>=40.8.0 in /userhome/cs3/adelalau/anaconda3/envs/poem_vidgen_latest/lib/python3.11/site-packages (from triton==3.3.1->torch>=2.0.0->accelerate) (78.1.1)
Requirement already satisfied: mpmath<1.4,>=1.1.0 in /userhome/cs3/adelalau/anaconda3/envs/poem_vidgen_latest/lib/python3.11/site-packages (from sympy>=1.13.3->torch>=2.0.0->accelerate) (1.3.0)
Requirement already satisfied: MarkupSafe>=2.0 in /userhome/cs3/adelalau/anaconda3/envs/poem_vidgen_latest/lib/python3.11/site-packages (from jinja2->torch>=2.0.0->accelerate) (2.1.5)
Requirement already satisfied: charset_normalizer<4,>=2 in /userhome/cs3/adelalau/anaconda3/envs/poem_vidgen_latest/lib/python3.11/site-packages (from requests->huggingface_hub>=0.21.0->accelerate) (3.4.2)
Requirement already satisfied: idna<4,>=2.5 in /userhome/cs3/adelalau/anaconda3/envs/poem_vidgen_latest/lib/python3.11/site-packages (from requests->huggingface_hub>=0.21.0->accelerate) (3.10)
Requirement already satisfied: urllib3<3,>=1.21.1 in /userhome/cs3/adelalau/anaconda3/envs/poem_vidgen_latest/lib/python3.11/site-packages (from requests->huggingface_hub>=0.21.0->accelerate) (2.5.0)
Requirement already satisfied: certifi>=2017.4.17 in /userhome/cs3/adelalau/anaconda3/envs/poem_vidgen_latest/lib/python3.11/site-packages (from requests->huggingface_hub>=0.21.0->accelerate) (2025.7.9)
Using cached accelerate-1.8.1-py3-none-any.whl (365 kB)
Using cached psutil-7.0.0-cp36-abi3-manylinux_2_12_x86_64.manylinux2010_x86_64.manylinux_2_17_x86_64.manylinux2014_x86_64.whl (277 kB)
Installing collected packages: psutil, accelerate

Successfully installed accelerate-1.8.1 psutil-7.0.0
Installing LATEST huggingface_hub...
Requirement already satisfied: huggingface_hub in /userhome/cs3/adelalau/anaconda3/envs/poem_vidgen_latest/lib/python3.11/site-packages (0.33.4)
Requirement already satisfied: filelock in /userhome/cs3/adelalau/anaconda3/envs/poem_vidgen_latest/lib/python3.11/site-packages (from huggingface_hub) (3.13.1)
Requirement already satisfied: fsspec>=2023.5.0 in /userhome/cs3/adelalau/anaconda3/envs/poem_vidgen_latest/lib/python3.11/site-packages (from huggingface_hub) (2024.6.1)
Requirement already satisfied: packaging>=20.9 in /userhome/cs3/adelalau/anaconda3/envs/poem_vidgen_latest/lib/python3.11/site-packages (from huggingface_hub) (25.0)
Requirement already satisfied: pyyaml>=5.1 in /userhome/cs3/adelalau/anaconda3/envs/poem_vidgen_latest/lib/python3.11/site-packages (from huggingface_hub) (6.0.2)
Requirement already satisfied: requests in /userhome/cs3/adelalau/anaconda3/envs/poem_vidgen_latest/lib/python3.11/site-packages (from huggingface_hub) (2.32.4)
Requirement already satisfied: tqdm>=4.42.1 in /userhome/cs3/adelalau/anaconda3/envs/poem_vidgen_latest/lib/python3.11/site-packages (from huggingface_hub) (4.67.1)
Requirement already satisfied: typing-extensions>=3.7.4.3 in /userhome/cs3/adelalau/anaconda3/envs/poem_vidgen_latest/lib/python3.11/site-packages (from huggingface_hub) (4.12.2)
Requirement already satisfied: hf-xet<2.0.0,>=1.1.2 in /userhome/cs3/adelalau/anaconda3/envs/poem_vidgen_latest/lib/python3.11/site-packages (from huggingface_hub) (1.1.5)
Requirement already satisfied: charset_normalizer<4,>=2 in /userhome/cs3/adelalau/anaconda3/envs/poem_vidgen_latest/lib/python3.11/site-packages (from requests->huggingface_hub) (3.4.2)
Requirement already satisfied: idna<4,>=2.5 in /userhome/cs3/adelalau/anaconda3/envs/poem_vidgen_latest/lib/python3.11/site-packages (from requests->huggingface_hub) (3.10)
Requirement already satisfied: urllib3<3,>=1.21.1 in /userhome/cs3/adelalau/anaconda3/envs/poem_vidgen_latest/lib/python3.11/site-packages (from requests->huggingface_hub) (2.5.0)
Requirement already satisfied: certifi>=2017.4.17 in /userhome/cs3/adelalau/anaconda3/envs/poem_vidgen_latest/lib/python3.11/site-packages (from requests->huggingface_hub) (2025.7.9)
Installing other packages...
Collecting xformers
  Using cached xformers-0.0.31.post1-cp39-abi3-manylinux_2_28_x86_64.whl.metadata (1.1 kB)
Requirement already satisfied: numpy in /userhome/cs3/adelalau/anaconda3/envs/poem_vidgen_latest/lib/python3.11/site-packages (from xformers) (2.1.2)
Requirement already satisfied: torch==2.7.1 in /userhome/cs3/adelalau/anaconda3/envs/poem_vidgen_latest/lib/python3.11/site-packages (from xformers) (2.7.1+cu118)
Requirement already satisfied: filelock in /userhome/cs3/adelalau/anaconda3/envs/poem_vidgen_latest/lib/python3.11/site-packages (from torch==2.7.1->xformers) (3.13.1)
Requirement already satisfied: typing-extensions>=4.10.0 in /userhome/cs3/adelalau/anaconda3/envs/poem_vidgen_latest/lib/python3.11/site-packages (from torch==2.7.1->xformers) (4.12.2)
Requirement already satisfied: sympy>=1.13.3 in /userhome/cs3/adelalau/anaconda3/envs/poem_vidgen_latest/lib/python3.11/site-packages (from torch==2.7.1->xformers) (1.13.3)
Requirement already satisfied: networkx in /userhome/cs3/adelalau/anaconda3/envs/poem_vidgen_latest/lib/python3.11/site-packages (from torch==2.7.1->xformers) (3.3)
Requirement already satisfied: jinja2 in /userhome/cs3/adelalau/anaconda3/envs/poem_vidgen_latest/lib/python3.11/site-packages (from torch==2.7.1->xformers) (3.1.4)
Requirement already satisfied: fsspec in /userhome/cs3/adelalau/anaconda3/envs/poem_vidgen_latest/lib/python3.11/site-packages (from torch==2.7.1->xformers) (2024.6.1)
Requirement already satisfied: nvidia-cuda-nvrtc-cu11==11.8.89 in /userhome/cs3/adelalau/anaconda3/envs/poem_vidgen_latest/lib/python3.11/site-packages (from torch==2.7.1->xformers) (11.8.89)
Requirement already satisfied: nvidia-cuda-runtime-cu11==11.8.89 in /userhome/cs3/adelalau/anaconda3/envs/poem_vidgen_latest/lib/python3.11/site-packages (from torch==2.7.1->xformers) (11.8.89)
Requirement already satisfied: nvidia-cuda-cupti-cu11==11.8.87 in /userhome/cs3/adelalau/anaconda3/envs/poem_vidgen_latest/lib/python3.11/site-packages (from torch==2.7.1->xformers) (11.8.87)
Requirement already satisfied: nvidia-cudnn-cu11==9.1.0.70 in /userhome/cs3/adelalau/anaconda3/envs/poem_vidgen_latest/lib/python3.11/site-packages (from torch==2.7.1->xformers) (9.1.0.70)
Requirement already satisfied: nvidia-cublas-cu11==11.11.3.6 in /userhome/cs3/adelalau/anaconda3/envs/poem_vidgen_latest/lib/python3.11/site-packages (from torch==2.7.1->xformers) (11.11.3.6)
Requirement already satisfied: nvidia-cufft-cu11==10.9.0.58 in /userhome/cs3/adelalau/anaconda3/envs/poem_vidgen_latest/lib/python3.11/site-packages (from torch==2.7.1->xformers) (10.9.0.58)
Requirement already satisfied: nvidia-curand-cu11==10.3.0.86 in /userhome/cs3/adelalau/anaconda3/envs/poem_vidgen_latest/lib/python3.11/site-packages (from torch==2.7.1->xformers) (10.3.0.86)
Requirement already satisfied: nvidia-cusolver-cu11==11.4.1.48 in /userhome/cs3/adelalau/anaconda3/envs/poem_vidgen_latest/lib/python3.11/site-packages (from torch==2.7.1->xformers) (11.4.1.48)
Requirement already satisfied: nvidia-cusparse-cu11==11.7.5.86 in /userhome/cs3/adelalau/anaconda3/envs/poem_vidgen_latest/lib/python3.11/site-packages (from torch==2.7.1->xformers) (11.7.5.86)
Requirement already satisfied: nvidia-nccl-cu11==2.21.5 in /userhome/cs3/adelalau/anaconda3/envs/poem_vidgen_latest/lib/python3.11/site-packages (from torch==2.7.1->xformers) (2.21.5)
Requirement already satisfied: nvidia-nvtx-cu11==11.8.86 in /userhome/cs3/adelalau/anaconda3/envs/poem_vidgen_latest/lib/python3.11/site-packages (from torch==2.7.1->xformers) (11.8.86)
Requirement already satisfied: triton==3.3.1 in /userhome/cs3/adelalau/anaconda3/envs/poem_vidgen_latest/lib/python3.11/site-packages (from torch==2.7.1->xformers) (3.3.1)
Requirement already satisfied: setuptools>=40.8.0 in /userhome/cs3/adelalau/anaconda3/envs/poem_vidgen_latest/lib/python3.11/site-packages (from triton==3.3.1->torch==2.7.1->xformers) (78.1.1)
Requirement already satisfied: mpmath<1.4,>=1.1.0 in /userhome/cs3/adelalau/anaconda3/envs/poem_vidgen_latest/lib/python3.11/site-packages (from sympy>=1.13.3->torch==2.7.1->xformers) (1.3.0)
Requirement already satisfied: MarkupSafe>=2.0 in /userhome/cs3/adelalau/anaconda3/envs/poem_vidgen_latest/lib/python3.11/site-packages (from jinja2->torch==2.7.1->xformers) (2.1.5)
Using cached xformers-0.0.31.post1-cp39-abi3-manylinux_2_28_x86_64.whl (117.1 MB)
Installing collected packages: xformers
Successfully installed xformers-0.0.31.post1
Collecting zhipuai
  Using cached zhipuai-2.1.5.20250708-py3-none-any.whl.metadata (8.8 kB)
Collecting cachetools>=4.2.2 (from zhipuai)
  Using cached cachetools-6.1.0-py3-none-any.whl.metadata (5.4 kB)
Collecting httpx>=0.23.0 (from zhipuai)
  Using cached httpx-0.28.1-py3-none-any.whl.metadata (7.1 kB)
Collecting pydantic<3.0,>=1.9.0 (from zhipuai)
  Using cached pydantic-2.11.7-py3-none-any.whl.metadata (67 kB)
Collecting pydantic-core>=2.14.6 (from zhipuai)
  Downloading pydantic_core-2.35.2-cp311-cp311-manylinux_2_17_x86_64.manylinux2014_x86_64.whl.metadata (6.8 kB)
Collecting pyjwt<2.9.0,>=2.8.0 (from zhipuai)
  Using cached PyJWT-2.8.0-py3-none-any.whl.metadata (4.2 kB)
Collecting annotated-types>=0.6.0 (from pydantic<3.0,>=1.9.0->zhipuai)
  Using cached annotated_types-0.7.0-py3-none-any.whl.metadata (15 kB)
Collecting pydantic-core>=2.14.6 (from zhipuai)
  Downloading pydantic_core-2.33.2-cp311-cp311-manylinux_2_17_x86_64.manylinux2014_x86_64.whl.metadata (6.8 kB)
Requirement already satisfied: typing-extensions>=4.12.2 in /userhome/cs3/adelalau/anaconda3/envs/poem_vidgen_latest/lib/python3.11/site-packages (from pydantic<3.0,>=1.9.0->zhipuai) (4.12.2)
Collecting typing-inspection>=0.4.0 (from pydantic<3.0,>=1.9.0->zhipuai)
  Using cached typing_inspection-0.4.1-py3-none-any.whl.metadata (2.6 kB)
Collecting anyio (from httpx>=0.23.0->zhipuai)
  Using cached anyio-4.9.0-py3-none-any.whl.metadata (4.7 kB)
Requirement already satisfied: certifi in /userhome/cs3/adelalau/anaconda3/envs/poem_vidgen_latest/lib/python3.11/site-packages (from httpx>=0.23.0->zhipuai) (2025.7.9)
Collecting httpcore==1.* (from httpx>=0.23.0->zhipuai)
  Using cached httpcore-1.0.9-py3-none-any.whl.metadata (21 kB)
Requirement already satisfied: idna in /userhome/cs3/adelalau/anaconda3/envs/poem_vidgen_latest/lib/python3.11/site-packages (from httpx>=0.23.0->zhipuai) (3.10)
Collecting h11>=0.16 (from httpcore==1.*->httpx>=0.23.0->zhipuai)
  Using cached h11-0.16.0-py3-none-any.whl.metadata (8.3 kB)
Collecting sniffio>=1.1 (from anyio->httpx>=0.23.0->zhipuai)
  Using cached sniffio-1.3.1-py3-none-any.whl.metadata (3.9 kB)
Using cached zhipuai-2.1.5.20250708-py3-none-any.whl (115 kB)
Using cached pydantic-2.11.7-py3-none-any.whl (444 kB)
Downloading pydantic_core-2.33.2-cp311-cp311-manylinux_2_17_x86_64.manylinux2014_x86_64.whl (2.0 MB)
   ━━━━━━━━━━━━━━━━━━━━━━━━━━━━━━━━━━━━━━━━ 2.0/2.0 MB 31.5 MB/s eta 0:00:00
Using cached PyJWT-2.8.0-py3-none-any.whl (22 kB)
Using cached annotated_types-0.7.0-py3-none-any.whl (13 kB)
Using cached cachetools-6.1.0-py3-none-any.whl (11 kB)
Using cached httpx-0.28.1-py3-none-any.whl (73 kB)
Using cached httpcore-1.0.9-py3-none-any.whl (78 kB)
Using cached h11-0.16.0-py3-none-any.whl (37 kB)
Using cached typing_inspection-0.4.1-py3-none-any.whl (14 kB)
Using cached anyio-4.9.0-py3-none-any.whl (100 kB)
Using cached sniffio-1.3.1-py3-none-any.whl (10 kB)
Installing collected packages: typing-inspection, sniffio, pyjwt, pydantic-core, h11, cachetools, annotated-types, pydantic, httpcore, anyio, httpx, zhipuai

Successfully installed annotated-types-0.7.0 anyio-4.9.0 cachetools-6.1.0 h11-0.16.0 httpcore-1.0.9 httpx-0.28.1 pydantic-2.11.7 pydantic-core-2.33.2 pyjwt-2.8.0 sniffio-1.3.1 typing-inspection-0.4.1 zhipuai-2.1.5.20250708
Collecting bayesian-optimization
  Using cached bayesian_optimization-3.0.1-py3-none-any.whl.metadata (10 kB)
Collecting colorama<1.0.0,>=0.4.6 (from bayesian-optimization)
  Using cached colorama-0.4.6-py2.py3-none-any.whl.metadata (17 kB)
Requirement already satisfied: numpy>=1.25 in /userhome/cs3/adelalau/anaconda3/envs/poem_vidgen_latest/lib/python3.11/site-packages (from bayesian-optimization) (2.1.2)
Collecting scikit-learn<2.0.0,>=1.0.0 (from bayesian-optimization)
  Using cached scikit_learn-1.7.0-cp311-cp311-manylinux_2_17_x86_64.manylinux2014_x86_64.whl.metadata (17 kB)
Collecting scipy<2.0.0,>=1.0.0 (from bayesian-optimization)
  Using cached scipy-1.16.0-cp311-cp311-manylinux2014_x86_64.manylinux_2_17_x86_64.whl.metadata (61 kB)
Collecting joblib>=1.2.0 (from scikit-learn<2.0.0,>=1.0.0->bayesian-optimization)
  Using cached joblib-1.5.1-py3-none-any.whl.metadata (5.6 kB)
Collecting threadpoolctl>=3.1.0 (from scikit-learn<2.0.0,>=1.0.0->bayesian-optimization)
  Using cached threadpoolctl-3.6.0-py3-none-any.whl.metadata (13 kB)
Using cached bayesian_optimization-3.0.1-py3-none-any.whl (36 kB)
Using cached colorama-0.4.6-py2.py3-none-any.whl (25 kB)
Using cached scikit_learn-1.7.0-cp311-cp311-manylinux_2_17_x86_64.manylinux2014_x86_64.whl (12.9 MB)
Using cached scipy-1.16.0-cp311-cp311-manylinux2014_x86_64.manylinux_2_17_x86_64.whl (35.3 MB)
Using cached joblib-1.5.1-py3-none-any.whl (307 kB)
Using cached threadpoolctl-3.6.0-py3-none-any.whl (18 kB)
Installing collected packages: threadpoolctl, scipy, joblib, colorama, scikit-learn, bayesian-optimization

Successfully installed bayesian-optimization-3.0.1 colorama-0.4.6 joblib-1.5.1 scikit-learn-1.7.0 scipy-1.16.0 threadpoolctl-3.6.0
Collecting opencv-python
  Using cached opencv_python-4.12.0.88-cp37-abi3-manylinux2014_x86_64.manylinux_2_17_x86_64.whl.metadata (19 kB)
Requirement already satisfied: numpy<2.3.0,>=2 in /userhome/cs3/adelalau/anaconda3/envs/poem_vidgen_latest/lib/python3.11/site-packages (from opencv-python) (2.1.2)
Using cached opencv_python-4.12.0.88-cp37-abi3-manylinux2014_x86_64.manylinux_2_17_x86_64.whl (67.0 MB)
Installing collected packages: opencv-python
Successfully installed opencv-python-4.12.0.88
Requirement already satisfied: numpy in /userhome/cs3/adelalau/anaconda3/envs/poem_vidgen_latest/lib/python3.11/site-packages (2.1.2)
Collecting pandas
  Using cached pandas-2.3.1-cp311-cp311-manylinux_2_17_x86_64.manylinux2014_x86_64.whl.metadata (91 kB)
Collecting matplotlib
  Using cached matplotlib-3.10.3-cp311-cp311-manylinux_2_17_x86_64.manylinux2014_x86_64.whl.metadata (11 kB)
Requirement already satisfied: pillow in /userhome/cs3/adelalau/anaconda3/envs/poem_vidgen_latest/lib/python3.11/site-packages (11.0.0)
Requirement already satisfied: tqdm in /userhome/cs3/adelalau/anaconda3/envs/poem_vidgen_latest/lib/python3.11/site-packages (4.67.1)
Collecting python-dateutil>=2.8.2 (from pandas)
  Downloading python_dateutil-2.9.0.post0-py2.py3-none-any.whl.metadata (8.4 kB)
Collecting pytz>=2020.1 (from pandas)
  Using cached pytz-2025.2-py2.py3-none-any.whl.metadata (22 kB)
Collecting tzdata>=2022.7 (from pandas)
  Using cached tzdata-2025.2-py2.py3-none-any.whl.metadata (1.4 kB)
Collecting contourpy>=1.0.1 (from matplotlib)
  Using cached contourpy-1.3.2-cp311-cp311-manylinux_2_17_x86_64.manylinux2014_x86_64.whl.metadata (5.5 kB)
Collecting cycler>=0.10 (from matplotlib)
  Using cached cycler-0.12.1-py3-none-any.whl.metadata (3.8 kB)
Collecting fonttools>=4.22.0 (from matplotlib)
  Using cached fonttools-4.58.5-cp311-cp311-manylinux2014_x86_64.manylinux_2_17_x86_64.whl.metadata (106 kB)
Collecting kiwisolver>=1.3.1 (from matplotlib)
  Using cached kiwisolver-1.4.8-cp311-cp311-manylinux_2_17_x86_64.manylinux2014_x86_64.whl.metadata (6.2 kB)
Requirement already satisfied: packaging>=20.0 in /userhome/cs3/adelalau/anaconda3/envs/poem_vidgen_latest/lib/python3.11/site-packages (from matplotlib) (25.0)
Collecting pyparsing>=2.3.1 (from matplotlib)
  Using cached pyparsing-3.2.3-py3-none-any.whl.metadata (5.0 kB)
Collecting six>=1.5 (from python-dateutil>=2.8.2->pandas)
  Downloading six-1.17.0-py2.py3-none-any.whl.metadata (1.7 kB)
Using cached pandas-2.3.1-cp311-cp311-manylinux_2_17_x86_64.manylinux2014_x86_64.whl (12.4 MB)
Using cached matplotlib-3.10.3-cp311-cp311-manylinux_2_17_x86_64.manylinux2014_x86_64.whl (8.6 MB)
Using cached contourpy-1.3.2-cp311-cp311-manylinux_2_17_x86_64.manylinux2014_x86_64.whl (326 kB)
Using cached cycler-0.12.1-py3-none-any.whl (8.3 kB)
Using cached fonttools-4.58.5-cp311-cp311-manylinux2014_x86_64.manylinux_2_17_x86_64.whl (5.0 MB)
Using cached kiwisolver-1.4.8-cp311-cp311-manylinux_2_17_x86_64.manylinux2014_x86_64.whl (1.4 MB)
Using cached pyparsing-3.2.3-py3-none-any.whl (111 kB)
Downloading python_dateutil-2.9.0.post0-py2.py3-none-any.whl (229 kB)
Using cached pytz-2025.2-py2.py3-none-any.whl (509 kB)
Downloading six-1.17.0-py2.py3-none-any.whl (11 kB)
Using cached tzdata-2025.2-py2.py3-none-any.whl (347 kB)
Installing collected packages: pytz, tzdata, six, pyparsing, kiwisolver, fonttools, cycler, contourpy, python-dateutil, pandas, matplotlib

Successfully installed contourpy-1.3.2 cycler-0.12.1 fonttools-4.58.5 kiwisolver-1.4.8 matplotlib-3.10.3 pandas-2.3.1 pyparsing-3.2.3 python-dateutil-2.9.0.post0 pytz-2025.2 six-1.17.0 tzdata-2025.2
==========================================
TESTING ALL IMPORTS WITH LATEST VERSIONS
==========================================
Installed versions:
Python: 3.11.13 (main, Jun  5 2025, 13:12:00) [GCC 11.2.0]
PyTorch: 2.7.1+cu118
Diffusers: 0.34.0
Transformers: 4.53.2
Accelerate: 1.8.1

--- Testing Individual Imports ---
1. Testing basic diffusers import...
✓ Diffusers basic import OK
2. Testing DiffusionPipeline...
✓ DiffusionPipeline OK
3. Testing SDXL Pipeline...
✓ SDXL Pipeline OK
4. Testing SVD Pipeline...
✓ SVD Pipeline OK
5. Testing CLIP...
✓ CLIP OK
6. Testing ZhipuAI...
✓ ZhipuAI OK
7. Testing BayesOpt...
✓ BayesOpt OK
8. Testing OpenCV...
✓ OpenCV OK

--- Testing Pipeline Creation ---
✓ Can import DiffusionPipeline
✓ DiffusionPipeline import successful
Ready to create pipelines!
==========================================
IMPORT TESTING COMPLETE
==========================================
==========================================
STARTING PIPELINE...
Running FULL pipeline with video generation
==========================================
python: can't open file '/userhome/cs3/adelalau/Capstone VidGen/combined_video_pipeline.py': [Errno 2] No such file or directory
==========================================
JOB SUMMARY
==========================================
Exit code: 0
Runtime: 5 minutes
🎉 SUCCESS WITH LATEST VERSIONS!
Generated content:
- Images: 0
- Videos: 0
Directory sizes:
512	objective-1-generatedVid/
512	objective-1-temp-imgGen-metadata/
512	objective-1-temp-vidGen-metadata/
Completed at Sat Jul 12 19:47:58 HKT 2025
Environment 'poem_vidgen_latest' kept for debugging
