==========================================
Capstone VidGen Pipeline (Robust Version)
==========================================
Job ID: 7388
Node: gpucluster-g1
Start time: Sat Jul 12 19:21:58 HKT 2025
✓ Working in: /userhome/cs3/adelalau/Capstone VidGen
Channels:
 - defaults
Platform: linux-64
Collecting package metadata (repodata.json): ...working... done
Solving environment: ...working... done

## Package Plan ##

  environment location: /userhome/cs3/adelalau/anaconda3/envs/poem_vidgen_robust

  added / updated specs:
    - python=3.9


The following NEW packages will be INSTALLED:

  _libgcc_mutex      pkgs/main/linux-64::_libgcc_mutex-0.1-main 
  _openmp_mutex      pkgs/main/linux-64::_openmp_mutex-5.1-1_gnu 
  bzip2              pkgs/main/linux-64::bzip2-1.0.8-h5eee18b_6 
  ca-certificates    pkgs/main/linux-64::ca-certificates-2025.2.25-h06a4308_0 
  expat              pkgs/main/linux-64::expat-2.7.1-h6a678d5_0 
  ld_impl_linux-64   pkgs/main/linux-64::ld_impl_linux-64-2.40-h12ee557_0 
  libffi             pkgs/main/linux-64::libffi-3.4.4-h6a678d5_1 
  libgcc-ng          pkgs/main/linux-64::libgcc-ng-11.2.0-h1234567_1 
  libgomp            pkgs/main/linux-64::libgomp-11.2.0-h1234567_1 
  libstdcxx-ng       pkgs/main/linux-64::libstdcxx-ng-11.2.0-h1234567_1 
  libxcb             pkgs/main/linux-64::libxcb-1.17.0-h9b100fa_0 
  ncurses            pkgs/main/linux-64::ncurses-6.4-h6a678d5_0 
  openssl            pkgs/main/linux-64::openssl-3.0.16-h5eee18b_0 
  pip                pkgs/main/noarch::pip-25.1-pyhc872135_2 
  pthread-stubs      pkgs/main/linux-64::pthread-stubs-0.3-h0ce48e5_1 
  python             pkgs/main/linux-64::python-3.9.23-he99959a_0 
  readline           pkgs/main/linux-64::readline-8.2-h5eee18b_0 
  setuptools         pkgs/main/linux-64::setuptools-78.1.1-py39h06a4308_0 
  sqlite             pkgs/main/linux-64::sqlite-3.45.3-h5eee18b_0 
  tk                 pkgs/main/linux-64::tk-8.6.14-h993c535_1 
  tzdata             pkgs/main/noarch::tzdata-2025b-h04d1e81_0 
  wheel              pkgs/main/linux-64::wheel-0.45.1-py39h06a4308_0 
  xorg-libx11        pkgs/main/linux-64::xorg-libx11-1.8.12-h9b100fa_1 
  xorg-libxau        pkgs/main/linux-64::xorg-libxau-1.0.12-h9b100fa_0 
  xorg-libxdmcp      pkgs/main/linux-64::xorg-libxdmcp-1.1.5-h9b100fa_0 
  xorg-xorgproto     pkgs/main/linux-64::xorg-xorgproto-2024.1-h5eee18b_1 
  xz                 pkgs/main/linux-64::xz-5.6.4-h5eee18b_1 
  zlib               pkgs/main/linux-64::zlib-1.2.13-h5eee18b_1 



Downloading and Extracting Packages: ...working... done
Preparing transaction: ...working... done
Verifying transaction: ...working... done
Executing transaction: ...working... done
#
# To activate this environment, use
#
#     $ conda activate poem_vidgen_robust
#
# To deactivate an active environment, use
#
#     $ conda deactivate

Installing PyTorch...
Channels:
 - pytorch
 - nvidia
 - defaults
Platform: linux-64
Collecting package metadata (repodata.json): ...working... done
Solving environment: ...working... done

## Package Plan ##

  environment location: /userhome/cs3/adelalau/anaconda3/envs/poem_vidgen_robust

  added / updated specs:
    - pytorch
    - pytorch-cuda=11.8
    - torchaudio
    - torchvision


The following NEW packages will be INSTALLED:

  blas               pkgs/main/linux-64::blas-1.0-mkl 
  brotlicffi         pkgs/main/linux-64::brotlicffi-1.0.9.2-py39h6a678d5_1 
  certifi            pkgs/main/linux-64::certifi-2025.6.15-py39h06a4308_0 
  cffi               pkgs/main/linux-64::cffi-1.17.1-py39h1fdaa30_1 
  charset-normalizer pkgs/main/noarch::charset-normalizer-3.3.2-pyhd3eb1b0_0 
  cuda-cudart        nvidia/linux-64::cuda-cudart-11.8.89-0 
  cuda-cupti         nvidia/linux-64::cuda-cupti-11.8.87-0 
  cuda-libraries     nvidia/linux-64::cuda-libraries-11.8.0-0 
  cuda-nvrtc         nvidia/linux-64::cuda-nvrtc-11.8.89-0 
  cuda-nvtx          nvidia/linux-64::cuda-nvtx-11.8.86-0 
  cuda-runtime       nvidia/linux-64::cuda-runtime-11.8.0-0 
  cuda-version       nvidia/noarch::cuda-version-12.9-3 
  ffmpeg             pytorch/linux-64::ffmpeg-4.3-hf484d3e_0 
  filelock           pkgs/main/linux-64::filelock-3.17.0-py39h06a4308_0 
  freetype           pkgs/main/linux-64::freetype-2.13.3-h4a9f257_0 
  giflib             pkgs/main/linux-64::giflib-5.2.2-h5eee18b_0 
  gmp                pkgs/main/linux-64::gmp-6.3.0-h6a678d5_0 
  gmpy2              pkgs/main/linux-64::gmpy2-2.2.1-py39h5eee18b_0 
  gnutls             pkgs/main/linux-64::gnutls-3.6.15-he1e5248_0 
  idna               pkgs/main/linux-64::idna-3.7-py39h06a4308_0 
  intel-openmp       pkgs/main/linux-64::intel-openmp-2023.1.0-hdb19cb5_46306 
  jinja2             pkgs/main/linux-64::jinja2-3.1.6-py39h06a4308_0 
  jpeg               pkgs/main/linux-64::jpeg-9e-h5eee18b_3 
  lame               pkgs/main/linux-64::lame-3.100-h7b6447c_0 
  lcms2              pkgs/main/linux-64::lcms2-2.16-h92b89f2_1 
  lerc               pkgs/main/linux-64::lerc-4.0.0-h6a678d5_0 
  libcublas          nvidia/linux-64::libcublas-11.11.3.6-0 
  libcufft           nvidia/linux-64::libcufft-10.9.0.58-0 
  libcufile          nvidia/linux-64::libcufile-1.14.1.1-4 
  libcurand          nvidia/linux-64::libcurand-10.3.10.19-0 
  libcusolver        nvidia/linux-64::libcusolver-11.4.1.48-0 
  libcusparse        nvidia/linux-64::libcusparse-11.7.5.86-0 
  libdeflate         pkgs/main/linux-64::libdeflate-1.22-h5eee18b_0 
  libiconv           pkgs/main/linux-64::libiconv-1.16-h5eee18b_3 
  libidn2            pkgs/main/linux-64::libidn2-2.3.4-h5eee18b_0 
  libjpeg-turbo      pytorch/linux-64::libjpeg-turbo-2.0.0-h9bf148f_0 
  libnpp             nvidia/linux-64::libnpp-11.8.0.86-0 
  libnvjpeg          nvidia/linux-64::libnvjpeg-11.9.0.86-0 
  libpng             pkgs/main/linux-64::libpng-1.6.39-h5eee18b_0 
  libtasn1           pkgs/main/linux-64::libtasn1-4.19.0-h5eee18b_0 
  libtiff            pkgs/main/linux-64::libtiff-4.7.0-hde9077f_0 
  libunistring       pkgs/main/linux-64::libunistring-0.9.10-h27cfd23_0 
  libwebp            pkgs/main/linux-64::libwebp-1.3.2-h9f374a3_1 
  libwebp-base       pkgs/main/linux-64::libwebp-base-1.3.2-h5eee18b_1 
  llvm-openmp        pkgs/main/linux-64::llvm-openmp-14.0.6-h9e868ea_0 
  lz4-c              pkgs/main/linux-64::lz4-c-1.9.4-h6a678d5_1 
  markupsafe         pkgs/main/linux-64::markupsafe-3.0.2-py39h5eee18b_0 
  mkl                pkgs/main/linux-64::mkl-2023.1.0-h213fc3f_46344 
  mkl-service        pkgs/main/linux-64::mkl-service-2.4.0-py39h5eee18b_2 
  mkl_fft            pkgs/main/linux-64::mkl_fft-1.3.11-py39h5eee18b_0 
  mkl_random         pkgs/main/linux-64::mkl_random-1.2.8-py39h1128e8f_0 
  mpc                pkgs/main/linux-64::mpc-1.3.1-h5eee18b_0 
  mpfr               pkgs/main/linux-64::mpfr-4.2.1-h5eee18b_0 
  mpmath             pkgs/main/linux-64::mpmath-1.3.0-py39h06a4308_0 
  nettle             pkgs/main/linux-64::nettle-3.7.3-hbbd107a_1 
  networkx           pkgs/main/linux-64::networkx-3.2.1-py39h06a4308_0 
  numpy              pkgs/main/linux-64::numpy-2.0.1-py39h5f9d8c6_1 
  numpy-base         pkgs/main/linux-64::numpy-base-2.0.1-py39hb5e798b_1 
  openh264           pkgs/main/linux-64::openh264-2.1.1-h4ff587b_0 
  openjpeg           pkgs/main/linux-64::openjpeg-2.5.2-h0d4d230_1 
  pillow             pkgs/main/linux-64::pillow-11.1.0-py39hac6e08b_1 
  pycparser          pkgs/main/noarch::pycparser-2.21-pyhd3eb1b0_0 
  pysocks            pkgs/main/linux-64::pysocks-1.7.1-py39h06a4308_0 
  pytorch            pytorch/linux-64::pytorch-2.5.1-py3.9_cuda11.8_cudnn9.1.0_0 
  pytorch-cuda       pytorch/linux-64::pytorch-cuda-11.8-h7e8668a_6 
  pytorch-mutex      pytorch/noarch::pytorch-mutex-1.0-cuda 
  pyyaml             pkgs/main/linux-64::pyyaml-6.0.2-py39h5eee18b_0 
  requests           pkgs/main/linux-64::requests-2.32.4-py39h06a4308_0 
  sympy              pkgs/main/linux-64::sympy-1.13.3-py39h06a4308_1 
  tbb                pkgs/main/linux-64::tbb-2021.8.0-hdb19cb5_0 
  torchaudio         pytorch/linux-64::torchaudio-2.5.1-py39_cu118 
  torchtriton        pytorch/linux-64::torchtriton-3.1.0-py39 
  torchvision        pytorch/linux-64::torchvision-0.20.1-py39_cu118 
  typing_extensions  pkgs/main/linux-64::typing_extensions-4.12.2-py39h06a4308_0 
  urllib3            pkgs/main/linux-64::urllib3-2.5.0-py39h06a4308_0 
  yaml               pkgs/main/linux-64::yaml-0.2.5-h7b6447c_0 
  zstd               pkgs/main/linux-64::zstd-1.5.6-hc292b87_0 



Downloading and Extracting Packages: ...working... done
Preparing transaction: ...working... done
Verifying transaction: ...working... failed
Installing basic packages...
Channels:
 - defaults
Platform: linux-64
Collecting package metadata (repodata.json): ...working... done
Solving environment: ...working... done

## Package Plan ##

  environment location: /userhome/cs3/adelalau/anaconda3/envs/poem_vidgen_robust

  added / updated specs:
    - matplotlib
    - numpy
    - pandas
    - pillow
    - tqdm


The following NEW packages will be INSTALLED:

  blas               pkgs/main/linux-64::blas-1.0-openblas 
  bottleneck         pkgs/main/linux-64::bottleneck-1.4.2-py39ha9d4c09_0 
  brotli-python      pkgs/main/linux-64::brotli-python-1.0.9-py39h6a678d5_9 
  c-ares             pkgs/main/linux-64::c-ares-1.19.1-h5eee18b_0 
  contourpy          pkgs/main/linux-64::contourpy-1.2.1-py39hdb19cb5_1 
  cycler             pkgs/main/noarch::cycler-0.11.0-pyhd3eb1b0_0 
  cyrus-sasl         pkgs/main/linux-64::cyrus-sasl-2.1.28-h52b45da_1 
  fontconfig         pkgs/main/linux-64::fontconfig-2.14.1-h55d465d_3 
  fonttools          pkgs/main/linux-64::fonttools-4.55.3-py39h5eee18b_0 
  freetype           pkgs/main/linux-64::freetype-2.13.3-h4a9f257_0 
  icu                pkgs/main/linux-64::icu-73.1-h6a678d5_0 
  importlib_resourc~ pkgs/main/linux-64::importlib_resources-6.4.0-py39h06a4308_0 
  jpeg               pkgs/main/linux-64::jpeg-9e-h5eee18b_3 
  kiwisolver         pkgs/main/linux-64::kiwisolver-1.4.4-py39h6a678d5_0 
  krb5               pkgs/main/linux-64::krb5-1.20.1-h143b758_1 
  lcms2              pkgs/main/linux-64::lcms2-2.16-h92b89f2_1 
  lerc               pkgs/main/linux-64::lerc-4.0.0-h6a678d5_0 
  libabseil          pkgs/main/linux-64::libabseil-20250127.0-cxx17_h6a678d5_0 
  libcups            pkgs/main/linux-64::libcups-2.4.2-h2d74bed_1 
  libcurl            pkgs/main/linux-64::libcurl-8.12.1-hc9e6f67_0 
  libdeflate         pkgs/main/linux-64::libdeflate-1.22-h5eee18b_0 
  libedit            pkgs/main/linux-64::libedit-3.1.20230828-h5eee18b_0 
  libev              pkgs/main/linux-64::libev-4.33-h7f8727e_1 
  libgfortran-ng     pkgs/main/linux-64::libgfortran-ng-11.2.0-h00389a5_1 
  libgfortran5       pkgs/main/linux-64::libgfortran5-11.2.0-h1234567_1 
  libglib            pkgs/main/linux-64::libglib-2.84.2-h37c7471_0 
  libiconv           pkgs/main/linux-64::libiconv-1.16-h5eee18b_3 
  libnghttp2         pkgs/main/linux-64::libnghttp2-1.57.0-h2d74bed_0 
  libopenblas        pkgs/main/linux-64::libopenblas-0.3.29-ha39b09d_0 
  libpng             pkgs/main/linux-64::libpng-1.6.39-h5eee18b_0 
  libpq              pkgs/main/linux-64::libpq-17.4-hdbd6064_0 
  libprotobuf        pkgs/main/linux-64::libprotobuf-5.29.3-h3cdef7c_1 
  libssh2            pkgs/main/linux-64::libssh2-1.11.1-h251f7ec_0 
  libtiff            pkgs/main/linux-64::libtiff-4.7.0-hde9077f_0 
  libuuid            pkgs/main/linux-64::libuuid-1.41.5-h5eee18b_0 
  libwebp-base       pkgs/main/linux-64::libwebp-base-1.3.2-h5eee18b_1 
  libxkbcommon       pkgs/main/linux-64::libxkbcommon-1.9.1-h69220b7_0 
  libxml2            pkgs/main/linux-64::libxml2-2.13.8-hfdd30dd_0 
  lz4-c              pkgs/main/linux-64::lz4-c-1.9.4-h6a678d5_1 
  matplotlib         pkgs/main/linux-64::matplotlib-3.9.2-py39h06a4308_1 
  matplotlib-base    pkgs/main/linux-64::matplotlib-base-3.9.2-py39hbfdbfaf_1 
  mysql              pkgs/main/linux-64::mysql-8.4.0-h721767e_2 
  numexpr            pkgs/main/linux-64::numexpr-2.10.1-py39hd28fd6d_0 
  numpy              pkgs/main/linux-64::numpy-2.0.2-py39hc213724_2 
  numpy-base         pkgs/main/linux-64::numpy-base-2.0.2-py39hf387b04_2 
  openjpeg           pkgs/main/linux-64::openjpeg-2.5.2-h0d4d230_1 
  openldap           pkgs/main/linux-64::openldap-2.6.4-h42fbc30_0 
  packaging          pkgs/main/linux-64::packaging-24.2-py39h06a4308_0 
  pandas             pkgs/main/linux-64::pandas-2.2.3-py39h6a678d5_0 
  pcre2              pkgs/main/linux-64::pcre2-10.42-hebb0a14_1 
  pillow             pkgs/main/linux-64::pillow-11.1.0-py39hac6e08b_1 
  pyparsing          pkgs/main/linux-64::pyparsing-3.2.0-py39h06a4308_0 
  pyqt               pkgs/main/linux-64::pyqt-6.7.1-py39h6a678d5_1 
  pyqt6-sip          pkgs/main/linux-64::pyqt6-sip-13.9.1-py39h5eee18b_1 
  python-dateutil    pkgs/main/linux-64::python-dateutil-2.9.0post0-py39h06a4308_2 
  python-tzdata      pkgs/main/noarch::python-tzdata-2025.2-pyhd3eb1b0_0 
  pytz               pkgs/main/linux-64::pytz-2025.2-py39h06a4308_0 
  qtbase             pkgs/main/linux-64::qtbase-6.7.3-hdaa5aa8_0 
  qtdeclarative      pkgs/main/linux-64::qtdeclarative-6.7.3-h6a678d5_0 
  qtsvg              pkgs/main/linux-64::qtsvg-6.7.3-he621ea3_0 
  qttools            pkgs/main/linux-64::qttools-6.7.3-h80c7b02_0 
  qtwebchannel       pkgs/main/linux-64::qtwebchannel-6.7.3-h6a678d5_0 
  qtwebsockets       pkgs/main/linux-64::qtwebsockets-6.7.3-h6a678d5_0 
  sip                pkgs/main/linux-64::sip-6.10.0-py39h6a678d5_0 
  six                pkgs/main/linux-64::six-1.17.0-py39h06a4308_0 
  tomli              pkgs/main/linux-64::tomli-2.0.1-py39h06a4308_0 
  tornado            pkgs/main/linux-64::tornado-6.5.1-py39h5eee18b_0 
  tqdm               pkgs/main/linux-64::tqdm-4.67.1-py39h2f386ee_0 
  unicodedata2       pkgs/main/linux-64::unicodedata2-15.1.0-py39h5eee18b_1 
  xcb-util           pkgs/main/linux-64::xcb-util-0.4.1-h5eee18b_2 
  xcb-util-cursor    pkgs/main/linux-64::xcb-util-cursor-0.1.5-h5eee18b_0 
  xcb-util-image     pkgs/main/linux-64::xcb-util-image-0.4.0-h5eee18b_2 
  xcb-util-renderut~ pkgs/main/linux-64::xcb-util-renderutil-0.3.10-h5eee18b_0 
  xkeyboard-config   pkgs/main/linux-64::xkeyboard-config-2.44-h5eee18b_0 
  zipp               pkgs/main/linux-64::zipp-3.21.0-py39h06a4308_0 
  zstd               pkgs/main/linux-64::zstd-1.5.6-hc292b87_0 

The following packages will be DOWNGRADED:

  setuptools                          78.1.1-py39h06a4308_0 --> 72.1.0-py39h06a4308_0 



Downloading and Extracting Packages: ...working... done
Preparing transaction: ...working... done
Verifying transaction: ...working... done
Executing transaction: ...working... done
Installing diffusers...
Collecting diffusers==0.27.2
  Using cached diffusers-0.27.2-py3-none-any.whl.metadata (18 kB)
Collecting importlib-metadata (from diffusers==0.27.2)
  Using cached importlib_metadata-8.7.0-py3-none-any.whl.metadata (4.8 kB)
Collecting filelock (from diffusers==0.27.2)
  Using cached filelock-3.18.0-py3-none-any.whl.metadata (2.9 kB)
Collecting huggingface-hub>=0.20.2 (from diffusers==0.27.2)
  Using cached huggingface_hub-0.33.4-py3-none-any.whl.metadata (14 kB)
Requirement already satisfied: numpy in /userhome/cs3/adelalau/anaconda3/envs/poem_vidgen_robust/lib/python3.9/site-packages (from diffusers==0.27.2) (2.0.2)
Collecting regex!=2019.12.17 (from diffusers==0.27.2)
  Using cached regex-2024.11.6-cp39-cp39-manylinux_2_17_x86_64.manylinux2014_x86_64.whl.metadata (40 kB)
Collecting requests (from diffusers==0.27.2)
  Using cached requests-2.32.4-py3-none-any.whl.metadata (4.9 kB)
Collecting safetensors>=0.3.1 (from diffusers==0.27.2)
  Using cached safetensors-0.5.3-cp38-abi3-manylinux_2_17_x86_64.manylinux2014_x86_64.whl.metadata (3.8 kB)
Requirement already satisfied: Pillow in /userhome/cs3/adelalau/anaconda3/envs/poem_vidgen_robust/lib/python3.9/site-packages (from diffusers==0.27.2) (11.1.0)
Collecting fsspec>=2023.5.0 (from huggingface-hub>=0.20.2->diffusers==0.27.2)
  Using cached fsspec-2025.5.1-py3-none-any.whl.metadata (11 kB)
Requirement already satisfied: packaging>=20.9 in /userhome/cs3/adelalau/anaconda3/envs/poem_vidgen_robust/lib/python3.9/site-packages (from huggingface-hub>=0.20.2->diffusers==0.27.2) (24.2)
Collecting pyyaml>=5.1 (from huggingface-hub>=0.20.2->diffusers==0.27.2)
  Using cached PyYAML-6.0.2-cp39-cp39-manylinux_2_17_x86_64.manylinux2014_x86_64.whl.metadata (2.1 kB)
Requirement already satisfied: tqdm>=4.42.1 in /userhome/cs3/adelalau/anaconda3/envs/poem_vidgen_robust/lib/python3.9/site-packages (from huggingface-hub>=0.20.2->diffusers==0.27.2) (4.67.1)
Collecting typing-extensions>=3.7.4.3 (from huggingface-hub>=0.20.2->diffusers==0.27.2)
  Using cached typing_extensions-4.14.1-py3-none-any.whl.metadata (3.0 kB)
Collecting hf-xet<2.0.0,>=1.1.2 (from huggingface-hub>=0.20.2->diffusers==0.27.2)
  Using cached hf_xet-1.1.5-cp37-abi3-manylinux_2_17_x86_64.manylinux2014_x86_64.whl.metadata (879 bytes)
Requirement already satisfied: zipp>=3.20 in /userhome/cs3/adelalau/anaconda3/envs/poem_vidgen_robust/lib/python3.9/site-packages (from importlib-metadata->diffusers==0.27.2) (3.21.0)
Collecting charset_normalizer<4,>=2 (from requests->diffusers==0.27.2)
  Using cached charset_normalizer-3.4.2-cp39-cp39-manylinux_2_17_x86_64.manylinux2014_x86_64.whl.metadata (35 kB)
Collecting idna<4,>=2.5 (from requests->diffusers==0.27.2)
  Using cached idna-3.10-py3-none-any.whl.metadata (10 kB)
Collecting urllib3<3,>=1.21.1 (from requests->diffusers==0.27.2)
  Using cached urllib3-2.5.0-py3-none-any.whl.metadata (6.5 kB)
Collecting certifi>=2017.4.17 (from requests->diffusers==0.27.2)
  Using cached certifi-2025.7.9-py3-none-any.whl.metadata (2.4 kB)
Using cached diffusers-0.27.2-py3-none-any.whl (2.0 MB)
Using cached huggingface_hub-0.33.4-py3-none-any.whl (515 kB)
Using cached hf_xet-1.1.5-cp37-abi3-manylinux_2_17_x86_64.manylinux2014_x86_64.whl (3.1 MB)
Using cached fsspec-2025.5.1-py3-none-any.whl (199 kB)
Using cached PyYAML-6.0.2-cp39-cp39-manylinux_2_17_x86_64.manylinux2014_x86_64.whl (737 kB)
Using cached regex-2024.11.6-cp39-cp39-manylinux_2_17_x86_64.manylinux2014_x86_64.whl (780 kB)
Using cached safetensors-0.5.3-cp38-abi3-manylinux_2_17_x86_64.manylinux2014_x86_64.whl (471 kB)
Using cached typing_extensions-4.14.1-py3-none-any.whl (43 kB)
Using cached filelock-3.18.0-py3-none-any.whl (16 kB)
Using cached importlib_metadata-8.7.0-py3-none-any.whl (27 kB)
Using cached requests-2.32.4-py3-none-any.whl (64 kB)
Using cached charset_normalizer-3.4.2-cp39-cp39-manylinux_2_17_x86_64.manylinux2014_x86_64.whl (149 kB)
Using cached idna-3.10-py3-none-any.whl (70 kB)
Using cached urllib3-2.5.0-py3-none-any.whl (129 kB)
Using cached certifi-2025.7.9-py3-none-any.whl (159 kB)
Installing collected packages: urllib3, typing-extensions, safetensors, regex, pyyaml, importlib-metadata, idna, hf-xet, fsspec, filelock, charset_normalizer, certifi, requests, huggingface-hub, diffusers

Successfully installed certifi-2025.7.9 charset_normalizer-3.4.2 diffusers-0.27.2 filelock-3.18.0 fsspec-2025.5.1 hf-xet-1.1.5 huggingface-hub-0.33.4 idna-3.10 importlib-metadata-8.7.0 pyyaml-6.0.2 regex-2024.11.6 requests-2.32.4 safetensors-0.5.3 typing-extensions-4.14.1 urllib3-2.5.0
Testing diffusers components...
❌ Basic diffusers import failed
