==========================================
Capstone VidGen Pipeline (WORKING VERSION)
==========================================
Job ID: 7389
Node: gpucluster-g1
Start time: Sat Jul 12 19:24:53 HKT 2025
✓ Working in: /userhome/cs3/adelalau/Capstone VidGen
Creating fresh conda environment...
Channels:
 - defaults
Platform: linux-64
Collecting package metadata (repodata.json): ...working... done
Solving environment: ...working... done

## Package Plan ##

  environment location: /userhome/cs3/adelalau/anaconda3/envs/poem_vidgen_working

  added / updated specs:
    - python=3.9


The following NEW packages will be INSTALLED:

  _libgcc_mutex      pkgs/main/linux-64::_libgcc_mutex-0.1-main 
  _openmp_mutex      pkgs/main/linux-64::_openmp_mutex-5.1-1_gnu 
  bzip2              pkgs/main/linux-64::bzip2-1.0.8-h5eee18b_6 
  ca-certificates    pkgs/main/linux-64::ca-certificates-2025.2.25-h06a4308_0 
  expat              pkgs/main/linux-64::expat-2.7.1-h6a678d5_0 
  ld_impl_linux-64   pkgs/main/linux-64::ld_impl_linux-64-2.40-h12ee557_0 
  libffi             pkgs/main/linux-64::libffi-3.4.4-h6a678d5_1 
  libgcc-ng          pkgs/main/linux-64::libgcc-ng-11.2.0-h1234567_1 
  libgomp            pkgs/main/linux-64::libgomp-11.2.0-h1234567_1 
  libstdcxx-ng       pkgs/main/linux-64::libstdcxx-ng-11.2.0-h1234567_1 
  libxcb             pkgs/main/linux-64::libxcb-1.17.0-h9b100fa_0 
  ncurses            pkgs/main/linux-64::ncurses-6.4-h6a678d5_0 
  openssl            pkgs/main/linux-64::openssl-3.0.16-h5eee18b_0 
  pip                pkgs/main/noarch::pip-25.1-pyhc872135_2 
  pthread-stubs      pkgs/main/linux-64::pthread-stubs-0.3-h0ce48e5_1 
  python             pkgs/main/linux-64::python-3.9.23-he99959a_0 
  readline           pkgs/main/linux-64::readline-8.2-h5eee18b_0 
  setuptools         pkgs/main/linux-64::setuptools-78.1.1-py39h06a4308_0 
  sqlite             pkgs/main/linux-64::sqlite-3.45.3-h5eee18b_0 
  tk                 pkgs/main/linux-64::tk-8.6.14-h993c535_1 
  tzdata             pkgs/main/noarch::tzdata-2025b-h04d1e81_0 
  wheel              pkgs/main/linux-64::wheel-0.45.1-py39h06a4308_0 
  xorg-libx11        pkgs/main/linux-64::xorg-libx11-1.8.12-h9b100fa_1 
  xorg-libxau        pkgs/main/linux-64::xorg-libxau-1.0.12-h9b100fa_0 
  xorg-libxdmcp      pkgs/main/linux-64::xorg-libxdmcp-1.1.5-h9b100fa_0 
  xorg-xorgproto     pkgs/main/linux-64::xorg-xorgproto-2024.1-h5eee18b_1 
  xz                 pkgs/main/linux-64::xz-5.6.4-h5eee18b_1 
  zlib               pkgs/main/linux-64::zlib-1.2.13-h5eee18b_1 



Downloading and Extracting Packages: ...working... done
Preparing transaction: ...working... done
Verifying transaction: ...working... done
Executing transaction: ...working... done
#
# To activate this environment, use
#
#     $ conda activate poem_vidgen_working
#
# To deactivate an active environment, use
#
#     $ conda deactivate

Installing PyTorch with proper OpenMP handling...
Channels:
 - pytorch
 - nvidia
 - conda-forge
 - defaults
Platform: linux-64
Collecting package metadata (repodata.json): ...working... done
Solving environment: ...working... done

## Package Plan ##

  environment location: /userhome/cs3/adelalau/anaconda3/envs/poem_vidgen_working

  added / updated specs:
    - pytorch
    - pytorch-cuda=11.8
    - torchaudio
    - torchvision


The following packages will be downloaded:

    package                    |            build
    ---------------------------|-----------------
    blas-1.0                   |              mkl           1 KB  conda-forge
    brotli-python-1.1.0        |   py39hf88036b_3         342 KB  conda-forge
    ca-certificates-2025.7.9   |       hbd8a1cb_0         149 KB  conda-forge
    certifi-2025.7.9           |     pyhd8ed1ab_0         153 KB  conda-forge
    cffi-1.17.1                |   py39h15c3d72_0         236 KB  conda-forge
    charset-normalizer-3.4.2   |     pyhd8ed1ab_0          49 KB  conda-forge
    cpython-3.9.23             |   py39hd8ed1ab_0          48 KB  conda-forge
    filelock-3.18.0            |     pyhd8ed1ab_0          17 KB  conda-forge
    freetype-2.10.4            |       h0708190_1         890 KB  conda-forge
    giflib-5.2.2               |       hd590300_0          75 KB  conda-forge
    gmp-6.2.1                  |       h58526e2_0         806 KB  conda-forge
    gmpy2-2.1.2                |   py39h376b7d2_1         217 KB  conda-forge
    gnutls-3.6.13              |       h85f3911_1         2.0 MB  conda-forge
    h2-4.2.0                   |     pyhd8ed1ab_0          53 KB  conda-forge
    hpack-4.1.0                |     pyhd8ed1ab_0          30 KB  conda-forge
    hyperframe-6.1.0           |     pyhd8ed1ab_0          17 KB  conda-forge
    idna-3.10                  |     pyhd8ed1ab_1          49 KB  conda-forge
    jinja2-3.1.6               |     pyhd8ed1ab_0         110 KB  conda-forge
    jpeg-9e                    |       h166bdaf_2         269 KB  conda-forge
    lame-3.100                 |    h166bdaf_1003         496 KB  conda-forge
    lcms2-2.15                 |       hfd0df8a_0         235 KB  conda-forge
    lerc-4.0.0                 |       h0aef613_1         258 KB  conda-forge
    libblas-3.9.0              |1_h86c2bf4_netlib         199 KB  conda-forge
    libcblas-3.9.0             |12_h832b8c9_netlib          53 KB  conda-forge
    libdeflate-1.22            |       hb9d3cd8_0          71 KB  conda-forge
    libgcc-15.1.0              |       h767d61c_3         806 KB  conda-forge
    libgcc-ng-15.1.0           |       h69a702a_3          28 KB  conda-forge
    libgfortran-15.1.0         |       h69a702a_3          28 KB  conda-forge
    libgfortran-ng-15.1.0      |       h69a702a_3          28 KB  conda-forge
    libgfortran5-15.1.0        |       hcea5267_3         1.5 MB  conda-forge
    libgomp-15.1.0             |       h767d61c_3         437 KB  conda-forge
    libhwloc-2.11.2            |default_h0d58e46_1001         2.3 MB  conda-forge
    libiconv-1.18              |       h4ce23a2_1         696 KB  conda-forge
    liblapack-3.9.0            |12_hd37a5e2_netlib         2.7 MB  conda-forge
    libstdcxx-15.1.0           |       h8f9b012_3         3.7 MB  conda-forge
    libtiff-4.5.1              |       hffd6297_1         534 KB
    libwebp-1.2.4              |       h1daa5a0_1          82 KB  conda-forge
    libwebp-base-1.2.4         |       h166bdaf_0         404 KB  conda-forge
    llvm-openmp-12.0.1         |       h4bd325d_1         2.8 MB  conda-forge
    markupsafe-3.0.2           |   py39h9399b63_1          22 KB  conda-forge
    mpc-1.3.1                  |       hfe3b2da_0         114 KB  conda-forge
    mpfr-4.2.1                 |       h9458935_0         626 KB  conda-forge
    mpmath-1.3.0               |     pyhd8ed1ab_1         429 KB  conda-forge
    nettle-3.6                 |       he412f7d_0         6.5 MB  conda-forge
    networkx-3.2.1             |     pyhd8ed1ab_0         1.1 MB  conda-forge
    numpy-2.0.2                |   py39h9cb892a_1         7.6 MB  conda-forge
    openh264-2.1.1             |       h780b84a_0         1.5 MB  conda-forge
    openssl-3.5.1              |       h7b32b05_0         3.0 MB  conda-forge
    pillow-9.4.0               |   py39h6a678d5_0         727 KB
    pycparser-2.22             |     pyh29332c3_1         108 KB  conda-forge
    pysocks-1.7.1              |     pyha55dd90_7          21 KB  conda-forge
    python_abi-3.9             |           2_cp39           4 KB  conda-forge
    pyyaml-6.0.2               |   py39h9399b63_2         178 KB  conda-forge
    requests-2.32.4            |     pyhd8ed1ab_0          58 KB  conda-forge
    sympy-1.14.0               |   pyh2585a3b_105         4.4 MB  conda-forge
    tbb-2021.13.0              |       hceb3a55_1         172 KB  conda-forge
    typing_extensions-4.14.1   |     pyhe01879c_0          50 KB  conda-forge
    urllib3-2.5.0              |     pyhd8ed1ab_0          99 KB  conda-forge
    yaml-0.2.5                 |       h7f98852_2          87 KB  conda-forge
    zstandard-0.23.0           |   py39h8cd3c5a_2         704 KB  conda-forge
    ------------------------------------------------------------
                                           Total:        50.0 MB

The following NEW packages will be INSTALLED:

  blas               conda-forge/linux-64::blas-1.0-mkl 
  brotli-python      conda-forge/linux-64::brotli-python-1.1.0-py39hf88036b_3 
  certifi            conda-forge/noarch::certifi-2025.7.9-pyhd8ed1ab_0 
  cffi               conda-forge/linux-64::cffi-1.17.1-py39h15c3d72_0 
  charset-normalizer conda-forge/noarch::charset-normalizer-3.4.2-pyhd8ed1ab_0 
  cpython            conda-forge/noarch::cpython-3.9.23-py39hd8ed1ab_0 
  cuda-cudart        nvidia/linux-64::cuda-cudart-11.8.89-0 
  cuda-cupti         nvidia/linux-64::cuda-cupti-11.8.87-0 
  cuda-libraries     nvidia/linux-64::cuda-libraries-11.8.0-0 
  cuda-nvrtc         nvidia/linux-64::cuda-nvrtc-11.8.89-0 
  cuda-nvtx          nvidia/linux-64::cuda-nvtx-11.8.86-0 
  cuda-runtime       nvidia/linux-64::cuda-runtime-11.8.0-0 
  cuda-version       nvidia/noarch::cuda-version-12.9-3 
  ffmpeg             pytorch/linux-64::ffmpeg-4.3-hf484d3e_0 
  filelock           conda-forge/noarch::filelock-3.18.0-pyhd8ed1ab_0 
  freetype           conda-forge/linux-64::freetype-2.10.4-h0708190_1 
  giflib             conda-forge/linux-64::giflib-5.2.2-hd590300_0 
  gmp                conda-forge/linux-64::gmp-6.2.1-h58526e2_0 
  gmpy2              conda-forge/linux-64::gmpy2-2.1.2-py39h376b7d2_1 
  gnutls             conda-forge/linux-64::gnutls-3.6.13-h85f3911_1 
  h2                 conda-forge/noarch::h2-4.2.0-pyhd8ed1ab_0 
  hpack              conda-forge/noarch::hpack-4.1.0-pyhd8ed1ab_0 
  hyperframe         conda-forge/noarch::hyperframe-6.1.0-pyhd8ed1ab_0 
  icu                pkgs/main/linux-64::icu-73.1-h6a678d5_0 
  idna               conda-forge/noarch::idna-3.10-pyhd8ed1ab_1 
  intel-openmp       pkgs/main/linux-64::intel-openmp-2023.1.0-hdb19cb5_46306 
  jinja2             conda-forge/noarch::jinja2-3.1.6-pyhd8ed1ab_0 
  jpeg               conda-forge/linux-64::jpeg-9e-h166bdaf_2 
  lame               conda-forge/linux-64::lame-3.100-h166bdaf_1003 
  lcms2              conda-forge/linux-64::lcms2-2.15-hfd0df8a_0 
  lerc               conda-forge/linux-64::lerc-4.0.0-h0aef613_1 
  libblas            conda-forge/linux-64::libblas-3.9.0-1_h86c2bf4_netlib 
  libcblas           conda-forge/linux-64::libcblas-3.9.0-12_h832b8c9_netlib 
  libcublas          nvidia/linux-64::libcublas-11.11.3.6-0 
  libcufft           nvidia/linux-64::libcufft-10.9.0.58-0 
  libcufile          nvidia/linux-64::libcufile-1.14.1.1-4 
  libcurand          nvidia/linux-64::libcurand-10.3.10.19-0 
  libcusolver        nvidia/linux-64::libcusolver-11.4.1.48-0 
  libcusparse        nvidia/linux-64::libcusparse-11.7.5.86-0 
  libdeflate         conda-forge/linux-64::libdeflate-1.22-hb9d3cd8_0 
  libgcc             conda-forge/linux-64::libgcc-15.1.0-h767d61c_3 
  libgfortran        conda-forge/linux-64::libgfortran-15.1.0-h69a702a_3 
  libgfortran-ng     conda-forge/linux-64::libgfortran-ng-15.1.0-h69a702a_3 
  libgfortran5       conda-forge/linux-64::libgfortran5-15.1.0-hcea5267_3 
  libhwloc           conda-forge/linux-64::libhwloc-2.11.2-default_h0d58e46_1001 
  libiconv           conda-forge/linux-64::libiconv-1.18-h4ce23a2_1 
  libjpeg-turbo      pytorch/linux-64::libjpeg-turbo-2.0.0-h9bf148f_0 
  liblapack          conda-forge/linux-64::liblapack-3.9.0-12_hd37a5e2_netlib 
  libnpp             nvidia/linux-64::libnpp-11.8.0.86-0 
  libnvjpeg          nvidia/linux-64::libnvjpeg-11.9.0.86-0 
  libpng             pkgs/main/linux-64::libpng-1.6.39-h5eee18b_0 
  libstdcxx          conda-forge/linux-64::libstdcxx-15.1.0-h8f9b012_3 
  libtiff            pkgs/main/linux-64::libtiff-4.5.1-hffd6297_1 
  libwebp            conda-forge/linux-64::libwebp-1.2.4-h1daa5a0_1 
  libwebp-base       conda-forge/linux-64::libwebp-base-1.2.4-h166bdaf_0 
  libxml2            pkgs/main/linux-64::libxml2-2.13.8-hfdd30dd_0 
  llvm-openmp        conda-forge/linux-64::llvm-openmp-12.0.1-h4bd325d_1 
  lz4-c              pkgs/main/linux-64::lz4-c-1.9.4-h6a678d5_1 
  markupsafe         conda-forge/linux-64::markupsafe-3.0.2-py39h9399b63_1 
  mkl                pkgs/main/linux-64::mkl-2023.1.0-h213fc3f_46344 
  mpc                conda-forge/linux-64::mpc-1.3.1-hfe3b2da_0 
  mpfr               conda-forge/linux-64::mpfr-4.2.1-h9458935_0 
  mpmath             conda-forge/noarch::mpmath-1.3.0-pyhd8ed1ab_1 
  nettle             conda-forge/linux-64::nettle-3.6-he412f7d_0 
  networkx           conda-forge/noarch::networkx-3.2.1-pyhd8ed1ab_0 
  numpy              conda-forge/linux-64::numpy-2.0.2-py39h9cb892a_1 
  openh264           conda-forge/linux-64::openh264-2.1.1-h780b84a_0 
  pillow             pkgs/main/linux-64::pillow-9.4.0-py39h6a678d5_0 
  pycparser          conda-forge/noarch::pycparser-2.22-pyh29332c3_1 
  pysocks            conda-forge/noarch::pysocks-1.7.1-pyha55dd90_7 
  python_abi         conda-forge/linux-64::python_abi-3.9-2_cp39 
  pytorch            pytorch/linux-64::pytorch-2.5.1-py3.9_cuda11.8_cudnn9.1.0_0 
  pytorch-cuda       pytorch/linux-64::pytorch-cuda-11.8-h7e8668a_6 
  pytorch-mutex      pytorch/noarch::pytorch-mutex-1.0-cuda 
  pyyaml             conda-forge/linux-64::pyyaml-6.0.2-py39h9399b63_2 
  requests           conda-forge/noarch::requests-2.32.4-pyhd8ed1ab_0 
  sympy              conda-forge/noarch::sympy-1.14.0-pyh2585a3b_105 
  tbb                conda-forge/linux-64::tbb-2021.13.0-hceb3a55_1 
  torchaudio         pytorch/linux-64::torchaudio-2.5.1-py39_cu118 
  torchtriton        pytorch/linux-64::torchtriton-3.1.0-py39 
  torchvision        pytorch/linux-64::torchvision-0.20.1-py39_cu118 
  typing_extensions  conda-forge/noarch::typing_extensions-4.14.1-pyhe01879c_0 
  urllib3            conda-forge/noarch::urllib3-2.5.0-pyhd8ed1ab_0 
  yaml               conda-forge/linux-64::yaml-0.2.5-h7f98852_2 
  zstandard          conda-forge/linux-64::zstandard-0.23.0-py39h8cd3c5a_2 
  zstd               pkgs/main/linux-64::zstd-1.5.6-hc292b87_0 

The following packages will be UPDATED:

  ca-certificates    pkgs/main/linux-64::ca-certificates-2~ --> conda-forge/noarch::ca-certificates-2025.7.9-hbd8a1cb_0 
  libgcc-ng          pkgs/main::libgcc-ng-11.2.0-h1234567_1 --> conda-forge::libgcc-ng-15.1.0-h69a702a_3 
  libgomp              pkgs/main::libgomp-11.2.0-h1234567_1 --> conda-forge::libgomp-15.1.0-h767d61c_3 
  openssl              pkgs/main::openssl-3.0.16-h5eee18b_0 --> conda-forge::openssl-3.5.1-h7b32b05_0 



Downloading and Extracting Packages: ...working... done
Preparing transaction: ...working... done
Verifying transaction: ...working... failed
Verifying PyTorch installation...
Installing basic packages...
Channels:
 - conda-forge
 - defaults
Platform: linux-64
Collecting package metadata (repodata.json): ...working... done
Solving environment: ...working... done

## Package Plan ##

  environment location: /userhome/cs3/adelalau/anaconda3/envs/poem_vidgen_working

  added / updated specs:
    - matplotlib
    - numpy
    - pandas
    - pillow
    - tqdm


The following packages will be downloaded:

    package                    |            build
    ---------------------------|-----------------
    alsa-lib-1.2.14            |       hb9d3cd8_0         553 KB  conda-forge
    brotli-1.1.0               |       hb9d3cd8_3          19 KB  conda-forge
    brotli-bin-1.1.0           |       hb9d3cd8_3          19 KB  conda-forge
    cairo-1.18.4               |       h3394656_0         955 KB  conda-forge
    colorama-0.4.6             |     pyhd8ed1ab_1          26 KB  conda-forge
    contourpy-1.3.0            |   py39h74842e3_2         256 KB  conda-forge
    cycler-0.12.1              |     pyhd8ed1ab_1          13 KB  conda-forge
    cyrus-sasl-2.1.28          |       hd9c7081_0         205 KB  conda-forge
    dbus-1.13.6                |       h5008d03_3         604 KB  conda-forge
    double-conversion-3.3.1    |       h5888daf_0          68 KB  conda-forge
    expat-2.7.0                |       h5888daf_0         137 KB  conda-forge
    font-ttf-dejavu-sans-mono-2.37|       hab24e00_0         388 KB  conda-forge
    font-ttf-inconsolata-3.000 |       h77eed37_0          94 KB  conda-forge
    font-ttf-source-code-pro-2.038|       h77eed37_0         684 KB  conda-forge
    font-ttf-ubuntu-0.83       |       h77eed37_3         1.5 MB  conda-forge
    fontconfig-2.15.0          |       h7e30c49_1         259 KB  conda-forge
    fonts-conda-ecosystem-1    |                0           4 KB  conda-forge
    fonts-conda-forge-1        |                0           4 KB  conda-forge
    fonttools-4.58.5           |   py39h9399b63_0         2.2 MB  conda-forge
    freetype-2.13.3            |       ha770c72_1         168 KB  conda-forge
    graphite2-1.3.14           |       h5888daf_0          96 KB  conda-forge
    harfbuzz-11.0.0            |       h76408a6_0         1.6 MB  conda-forge
    icu-75.1                   |       he02047a_0        11.6 MB  conda-forge
    importlib-resources-6.5.2  |     pyhd8ed1ab_0           9 KB  conda-forge
    importlib_resources-6.5.2  |     pyhd8ed1ab_0          33 KB  conda-forge
    keyutils-1.6.1             |       h166bdaf_0         115 KB  conda-forge
    kiwisolver-1.4.7           |   py39h74842e3_0          70 KB  conda-forge
    krb5-1.21.3                |       h659f571_0         1.3 MB  conda-forge
    lcms2-2.17                 |       h717163a_0         242 KB  conda-forge
    libblas-3.9.0              |32_h59b9bed_openblas          17 KB  conda-forge
    libbrotlicommon-1.1.0      |       hb9d3cd8_3          68 KB  conda-forge
    libbrotlidec-1.1.0         |       hb9d3cd8_3          32 KB  conda-forge
    libbrotlienc-1.1.0         |       hb9d3cd8_3         276 KB  conda-forge
    libcblas-3.9.0             |32_he106b2a_openblas          17 KB  conda-forge
    libclang-cpp20.1-20.1.8    |default_hddf928d_0        20.3 MB  conda-forge
    libclang13-20.1.8          |default_ha444ac7_0        11.8 MB  conda-forge
    libcups-2.3.3              |       hb8b1518_5         4.3 MB  conda-forge
    libdeflate-1.24            |       h86f0d12_0          71 KB  conda-forge
    libdrm-2.4.125             |       hb9d3cd8_0         240 KB  conda-forge
    libedit-3.1.20250104       | pl5321h7949ede_0         132 KB  conda-forge
    libegl-1.7.0               |       ha4b6fd6_2          44 KB  conda-forge
    libexpat-2.7.0             |       h5888daf_0          73 KB  conda-forge
    libfreetype-2.13.3         |       ha770c72_1           8 KB  conda-forge
    libfreetype6-2.13.3        |       h48d6fc4_1         371 KB  conda-forge
    libgl-1.7.0                |       ha4b6fd6_2         132 KB  conda-forge
    libglib-2.84.0             |       h2ff4ddf_0         3.8 MB  conda-forge
    libglvnd-1.7.0             |       ha4b6fd6_2         129 KB  conda-forge
    libglx-1.7.0               |       ha4b6fd6_2          74 KB  conda-forge
    libjpeg-turbo-3.1.0        |       hb9d3cd8_0         614 KB  conda-forge
    liblapack-3.9.0            |32_h7ac8fdf_openblas          17 KB  conda-forge
    libllvm20-20.1.8           |       hecd9e04_0        41.9 MB  conda-forge
    liblzma-5.8.1              |       hb9d3cd8_2         110 KB  conda-forge
    liblzma-devel-5.8.1        |       hb9d3cd8_2         430 KB  conda-forge
    libnsl-2.0.1               |       hb9d3cd8_1          33 KB  conda-forge
    libntlm-1.8                |       hb9d3cd8_0          33 KB  conda-forge
    libopenblas-0.3.30         |pthreads_h94d23a6_0         5.6 MB  conda-forge
    libopengl-1.7.0            |       ha4b6fd6_2          50 KB  conda-forge
    libpciaccess-0.18          |       hb9d3cd8_0          28 KB  conda-forge
    libpng-1.6.50              |       h943b412_0         282 KB  conda-forge
    libpq-17.5                 |       h27ae623_0         2.6 MB  conda-forge
    libsqlite-3.50.2           |       hee844dc_2         914 KB  conda-forge
    libstdcxx-ng-15.1.0        |       h4852527_3          28 KB  conda-forge
    libtiff-4.7.0              |       hf01ce69_5         420 KB  conda-forge
    libuuid-2.38.1             |       h0b41bf4_0          33 KB  conda-forge
    libwebp-base-1.6.0         |       hd42ef1d_0         419 KB  conda-forge
    libxcrypt-4.4.36           |       hd590300_1          98 KB  conda-forge
    libxkbcommon-1.10.0        |       h65c71a3_0         691 KB  conda-forge
    libxml2-2.13.8             |       h4bc477f_0         675 KB  conda-forge
    libxslt-1.1.39             |       h76b75d6_0         248 KB  conda-forge
    libzlib-1.3.1              |       hb9d3cd8_2          60 KB  conda-forge
    matplotlib-3.9.4           |   py39hf3d152e_0          17 KB  conda-forge
    matplotlib-base-3.9.4      |   py39h16632d1_0         6.7 MB  conda-forge
    munkres-1.1.4              |     pyhd8ed1ab_1          15 KB  conda-forge
    mysql-common-9.0.1         |       h266115a_6         602 KB  conda-forge
    mysql-libs-9.0.1           |       he0572af_6         1.3 MB  conda-forge
    ncurses-6.5                |       h2d0b736_3         871 KB  conda-forge
    openjpeg-2.5.3             |       h5fbd93e_0         335 KB  conda-forge
    openldap-2.6.10            |       he970967_0         762 KB  conda-forge
    packaging-25.0             |     pyh29332c3_1          61 KB  conda-forge
    pandas-2.3.1               |   py39h1b6b32d_0        11.9 MB  conda-forge
    pcre2-10.44                |       hc749103_2         934 KB  conda-forge
    pillow-11.3.0              |   py39h15c0740_0        41.0 MB  conda-forge
    pixman-0.46.2              |       h29eaf8c_0         393 KB  conda-forge
    pyparsing-3.2.3            |     pyhd8ed1ab_1          94 KB  conda-forge
    pyside6-6.9.0              |   py39h0383914_0         9.6 MB  conda-forge
    python-3.9.23              |hc30ae73_0_cpython        22.6 MB  conda-forge
    python-dateutil-2.9.0.post0|     pyhe01879c_2         228 KB  conda-forge
    python-tzdata-2025.2       |     pyhd8ed1ab_0         141 KB  conda-forge
    python_abi-3.9             |           7_cp39           7 KB  conda-forge
    pytz-2025.2                |     pyhd8ed1ab_0         185 KB  conda-forge
    qhull-2020.2               |       h434a139_5         540 KB  conda-forge
    qt6-main-6.9.0             |       h6441bc3_0        49.5 MB  conda-forge
    six-1.17.0                 |     pyhd8ed1ab_0          16 KB  conda-forge
    sqlite-3.50.2              |       heff268d_2         162 KB  conda-forge
    tk-8.6.13                  |noxft_hd72426e_102         3.1 MB  conda-forge
    tornado-6.5.1              |   py39h8cd3c5a_0         635 KB  conda-forge
    tqdm-4.67.1                |     pyhd8ed1ab_1          87 KB  conda-forge
    unicodedata2-16.0.0        |   py39h8cd3c5a_0         395 KB  conda-forge
    wayland-1.23.1             |       h3e06ad9_0         314 KB  conda-forge
    xcb-util-0.4.1             |       h4f16b4b_2          20 KB  conda-forge
    xcb-util-cursor-0.1.5      |       hb9d3cd8_0          20 KB  conda-forge
    xcb-util-image-0.4.0       |       hb711507_2          24 KB  conda-forge
    xcb-util-keysyms-0.4.1     |       hb711507_0          14 KB  conda-forge
    xcb-util-renderutil-0.3.10 |       hb711507_0          17 KB  conda-forge
    xcb-util-wm-0.4.2          |       hb711507_0          50 KB  conda-forge
    xkeyboard-config-2.45      |       hb9d3cd8_0         383 KB  conda-forge
    xorg-libice-1.1.2          |       hb9d3cd8_0          57 KB  conda-forge
    xorg-libsm-1.2.6           |       he73a12e_0          27 KB  conda-forge
    xorg-libxcomposite-0.4.6   |       hb9d3cd8_2          13 KB  conda-forge
    xorg-libxcursor-1.2.3      |       hb9d3cd8_0          32 KB  conda-forge
    xorg-libxdamage-1.1.6      |       hb9d3cd8_0          13 KB  conda-forge
    xorg-libxext-1.3.6         |       hb9d3cd8_0          49 KB  conda-forge
    xorg-libxfixes-6.0.1       |       hb9d3cd8_0          19 KB  conda-forge
    xorg-libxi-1.8.2           |       hb9d3cd8_0          46 KB  conda-forge
    xorg-libxrandr-1.5.4       |       hb9d3cd8_0          29 KB  conda-forge
    xorg-libxrender-0.9.12     |       hb9d3cd8_0          32 KB  conda-forge
    xorg-libxtst-1.2.5         |       hb9d3cd8_3          32 KB  conda-forge
    xorg-libxxf86vm-1.1.6      |       hb9d3cd8_0          17 KB  conda-forge
    xz-5.8.1                   |       hbcc6ac9_2          23 KB  conda-forge
    xz-gpl-tools-5.8.1         |       hbcc6ac9_2          33 KB  conda-forge
    xz-tools-5.8.1             |       hb9d3cd8_2          94 KB  conda-forge
    zipp-3.23.0                |     pyhd8ed1ab_0          22 KB  conda-forge
    zlib-1.3.1                 |       hb9d3cd8_2          90 KB  conda-forge
    zstd-1.5.7                 |       hb8e6e7a_2         554 KB  conda-forge
    ------------------------------------------------------------
                                           Total:       274.3 MB

The following NEW packages will be INSTALLED:

  alsa-lib           conda-forge/linux-64::alsa-lib-1.2.14-hb9d3cd8_0 
  brotli             conda-forge/linux-64::brotli-1.1.0-hb9d3cd8_3 
  brotli-bin         conda-forge/linux-64::brotli-bin-1.1.0-hb9d3cd8_3 
  cairo              conda-forge/linux-64::cairo-1.18.4-h3394656_0 
  certifi            conda-forge/noarch::certifi-2025.7.9-pyhd8ed1ab_0 
  colorama           conda-forge/noarch::colorama-0.4.6-pyhd8ed1ab_1 
  contourpy          conda-forge/linux-64::contourpy-1.3.0-py39h74842e3_2 
  cycler             conda-forge/noarch::cycler-0.12.1-pyhd8ed1ab_1 
  cyrus-sasl         conda-forge/linux-64::cyrus-sasl-2.1.28-hd9c7081_0 
  dbus               conda-forge/linux-64::dbus-1.13.6-h5008d03_3 
  double-conversion  conda-forge/linux-64::double-conversion-3.3.1-h5888daf_0 
  font-ttf-dejavu-s~ conda-forge/noarch::font-ttf-dejavu-sans-mono-2.37-hab24e00_0 
  font-ttf-inconsol~ conda-forge/noarch::font-ttf-inconsolata-3.000-h77eed37_0 
  font-ttf-source-c~ conda-forge/noarch::font-ttf-source-code-pro-2.038-h77eed37_0 
  font-ttf-ubuntu    conda-forge/noarch::font-ttf-ubuntu-0.83-h77eed37_3 
  fontconfig         conda-forge/linux-64::fontconfig-2.15.0-h7e30c49_1 
  fonts-conda-ecosy~ conda-forge/noarch::fonts-conda-ecosystem-1-0 
  fonts-conda-forge  conda-forge/noarch::fonts-conda-forge-1-0 
  fonttools          conda-forge/linux-64::fonttools-4.58.5-py39h9399b63_0 
  freetype           conda-forge/linux-64::freetype-2.13.3-ha770c72_1 
  graphite2          conda-forge/linux-64::graphite2-1.3.14-h5888daf_0 
  harfbuzz           conda-forge/linux-64::harfbuzz-11.0.0-h76408a6_0 
  icu                conda-forge/linux-64::icu-75.1-he02047a_0 
  importlib-resourc~ conda-forge/noarch::importlib-resources-6.5.2-pyhd8ed1ab_0 
  importlib_resourc~ conda-forge/noarch::importlib_resources-6.5.2-pyhd8ed1ab_0 
  keyutils           conda-forge/linux-64::keyutils-1.6.1-h166bdaf_0 
  kiwisolver         conda-forge/linux-64::kiwisolver-1.4.7-py39h74842e3_0 
  krb5               conda-forge/linux-64::krb5-1.21.3-h659f571_0 
  lcms2              conda-forge/linux-64::lcms2-2.17-h717163a_0 
  lerc               conda-forge/linux-64::lerc-4.0.0-h0aef613_1 
  libblas            conda-forge/linux-64::libblas-3.9.0-32_h59b9bed_openblas 
  libbrotlicommon    conda-forge/linux-64::libbrotlicommon-1.1.0-hb9d3cd8_3 
  libbrotlidec       conda-forge/linux-64::libbrotlidec-1.1.0-hb9d3cd8_3 
  libbrotlienc       conda-forge/linux-64::libbrotlienc-1.1.0-hb9d3cd8_3 
  libcblas           conda-forge/linux-64::libcblas-3.9.0-32_he106b2a_openblas 
  libclang-cpp20.1   conda-forge/linux-64::libclang-cpp20.1-20.1.8-default_hddf928d_0 
  libclang13         conda-forge/linux-64::libclang13-20.1.8-default_ha444ac7_0 
  libcups            conda-forge/linux-64::libcups-2.3.3-hb8b1518_5 
  libdeflate         conda-forge/linux-64::libdeflate-1.24-h86f0d12_0 
  libdrm             conda-forge/linux-64::libdrm-2.4.125-hb9d3cd8_0 
  libedit            conda-forge/linux-64::libedit-3.1.20250104-pl5321h7949ede_0 
  libegl             conda-forge/linux-64::libegl-1.7.0-ha4b6fd6_2 
  libexpat           conda-forge/linux-64::libexpat-2.7.0-h5888daf_0 
  libfreetype        conda-forge/linux-64::libfreetype-2.13.3-ha770c72_1 
  libfreetype6       conda-forge/linux-64::libfreetype6-2.13.3-h48d6fc4_1 
  libgcc             conda-forge/linux-64::libgcc-15.1.0-h767d61c_3 
  libgfortran        conda-forge/linux-64::libgfortran-15.1.0-h69a702a_3 
  libgfortran5       conda-forge/linux-64::libgfortran5-15.1.0-hcea5267_3 
  libgl              conda-forge/linux-64::libgl-1.7.0-ha4b6fd6_2 
  libglib            conda-forge/linux-64::libglib-2.84.0-h2ff4ddf_0 
  libglvnd           conda-forge/linux-64::libglvnd-1.7.0-ha4b6fd6_2 
  libglx             conda-forge/linux-64::libglx-1.7.0-ha4b6fd6_2 
  libiconv           conda-forge/linux-64::libiconv-1.18-h4ce23a2_1 
  libjpeg-turbo      conda-forge/linux-64::libjpeg-turbo-3.1.0-hb9d3cd8_0 
  liblapack          conda-forge/linux-64::liblapack-3.9.0-32_h7ac8fdf_openblas 
  libllvm20          conda-forge/linux-64::libllvm20-20.1.8-hecd9e04_0 
  liblzma            conda-forge/linux-64::liblzma-5.8.1-hb9d3cd8_2 
  liblzma-devel      conda-forge/linux-64::liblzma-devel-5.8.1-hb9d3cd8_2 
  libnsl             conda-forge/linux-64::libnsl-2.0.1-hb9d3cd8_1 
  libntlm            conda-forge/linux-64::libntlm-1.8-hb9d3cd8_0 
  libopenblas        conda-forge/linux-64::libopenblas-0.3.30-pthreads_h94d23a6_0 
  libopengl          conda-forge/linux-64::libopengl-1.7.0-ha4b6fd6_2 
  libpciaccess       conda-forge/linux-64::libpciaccess-0.18-hb9d3cd8_0 
  libpng             conda-forge/linux-64::libpng-1.6.50-h943b412_0 
  libpq              conda-forge/linux-64::libpq-17.5-h27ae623_0 
  libsqlite          conda-forge/linux-64::libsqlite-3.50.2-hee844dc_2 
  libstdcxx          conda-forge/linux-64::libstdcxx-15.1.0-h8f9b012_3 
  libtiff            conda-forge/linux-64::libtiff-4.7.0-hf01ce69_5 
  libuuid            conda-forge/linux-64::libuuid-2.38.1-h0b41bf4_0 
  libwebp-base       conda-forge/linux-64::libwebp-base-1.6.0-hd42ef1d_0 
  libxcrypt          conda-forge/linux-64::libxcrypt-4.4.36-hd590300_1 
  libxkbcommon       conda-forge/linux-64::libxkbcommon-1.10.0-h65c71a3_0 
  libxml2            conda-forge/linux-64::libxml2-2.13.8-h4bc477f_0 
  libxslt            conda-forge/linux-64::libxslt-1.1.39-h76b75d6_0 
  libzlib            conda-forge/linux-64::libzlib-1.3.1-hb9d3cd8_2 
  matplotlib         conda-forge/linux-64::matplotlib-3.9.4-py39hf3d152e_0 
  matplotlib-base    conda-forge/linux-64::matplotlib-base-3.9.4-py39h16632d1_0 
  munkres            conda-forge/noarch::munkres-1.1.4-pyhd8ed1ab_1 
  mysql-common       conda-forge/linux-64::mysql-common-9.0.1-h266115a_6 
  mysql-libs         conda-forge/linux-64::mysql-libs-9.0.1-he0572af_6 
  numpy              conda-forge/linux-64::numpy-2.0.2-py39h9cb892a_1 
  openjpeg           conda-forge/linux-64::openjpeg-2.5.3-h5fbd93e_0 
  openldap           conda-forge/linux-64::openldap-2.6.10-he970967_0 
  packaging          conda-forge/noarch::packaging-25.0-pyh29332c3_1 
  pandas             conda-forge/linux-64::pandas-2.3.1-py39h1b6b32d_0 
  pcre2              conda-forge/linux-64::pcre2-10.44-hc749103_2 
  pillow             conda-forge/linux-64::pillow-11.3.0-py39h15c0740_0 
  pixman             conda-forge/linux-64::pixman-0.46.2-h29eaf8c_0 
  pyparsing          conda-forge/noarch::pyparsing-3.2.3-pyhd8ed1ab_1 
  pyside6            conda-forge/linux-64::pyside6-6.9.0-py39h0383914_0 
  python-dateutil    conda-forge/noarch::python-dateutil-2.9.0.post0-pyhe01879c_2 
  python-tzdata      conda-forge/noarch::python-tzdata-2025.2-pyhd8ed1ab_0 
  python_abi         conda-forge/noarch::python_abi-3.9-7_cp39 
  pytz               conda-forge/noarch::pytz-2025.2-pyhd8ed1ab_0 
  qhull              conda-forge/linux-64::qhull-2020.2-h434a139_5 
  qt6-main           conda-forge/linux-64::qt6-main-6.9.0-h6441bc3_0 
  six                conda-forge/noarch::six-1.17.0-pyhd8ed1ab_0 
  tornado            conda-forge/linux-64::tornado-6.5.1-py39h8cd3c5a_0 
  tqdm               conda-forge/noarch::tqdm-4.67.1-pyhd8ed1ab_1 
  unicodedata2       conda-forge/linux-64::unicodedata2-16.0.0-py39h8cd3c5a_0 
  wayland            conda-forge/linux-64::wayland-1.23.1-h3e06ad9_0 
  xcb-util           conda-forge/linux-64::xcb-util-0.4.1-h4f16b4b_2 
  xcb-util-cursor    conda-forge/linux-64::xcb-util-cursor-0.1.5-hb9d3cd8_0 
  xcb-util-image     conda-forge/linux-64::xcb-util-image-0.4.0-hb711507_2 
  xcb-util-keysyms   conda-forge/linux-64::xcb-util-keysyms-0.4.1-hb711507_0 
  xcb-util-renderut~ conda-forge/linux-64::xcb-util-renderutil-0.3.10-hb711507_0 
  xcb-util-wm        conda-forge/linux-64::xcb-util-wm-0.4.2-hb711507_0 
  xkeyboard-config   conda-forge/linux-64::xkeyboard-config-2.45-hb9d3cd8_0 
  xorg-libice        conda-forge/linux-64::xorg-libice-1.1.2-hb9d3cd8_0 
  xorg-libsm         conda-forge/linux-64::xorg-libsm-1.2.6-he73a12e_0 
  xorg-libxcomposite conda-forge/linux-64::xorg-libxcomposite-0.4.6-hb9d3cd8_2 
  xorg-libxcursor    conda-forge/linux-64::xorg-libxcursor-1.2.3-hb9d3cd8_0 
  xorg-libxdamage    conda-forge/linux-64::xorg-libxdamage-1.1.6-hb9d3cd8_0 
  xorg-libxext       conda-forge/linux-64::xorg-libxext-1.3.6-hb9d3cd8_0 
  xorg-libxfixes     conda-forge/linux-64::xorg-libxfixes-6.0.1-hb9d3cd8_0 
  xorg-libxi         conda-forge/linux-64::xorg-libxi-1.8.2-hb9d3cd8_0 
  xorg-libxrandr     conda-forge/linux-64::xorg-libxrandr-1.5.4-hb9d3cd8_0 
  xorg-libxrender    conda-forge/linux-64::xorg-libxrender-0.9.12-hb9d3cd8_0 
  xorg-libxtst       conda-forge/linux-64::xorg-libxtst-1.2.5-hb9d3cd8_3 
  xorg-libxxf86vm    conda-forge/linux-64::xorg-libxxf86vm-1.1.6-hb9d3cd8_0 
  xz-gpl-tools       conda-forge/linux-64::xz-gpl-tools-5.8.1-hbcc6ac9_2 
  xz-tools           conda-forge/linux-64::xz-tools-5.8.1-hb9d3cd8_2 
  zipp               conda-forge/noarch::zipp-3.23.0-pyhd8ed1ab_0 
  zstd               conda-forge/linux-64::zstd-1.5.7-hb8e6e7a_2 

The following packages will be UPDATED:

  ca-certificates    pkgs/main/linux-64::ca-certificates-2~ --> conda-forge/noarch::ca-certificates-2025.7.9-hbd8a1cb_0 
  libgcc-ng          pkgs/main::libgcc-ng-11.2.0-h1234567_1 --> conda-forge::libgcc-ng-15.1.0-h69a702a_3 
  libgomp              pkgs/main::libgomp-11.2.0-h1234567_1 --> conda-forge::libgomp-15.1.0-h767d61c_3 
  libstdcxx-ng       pkgs/main::libstdcxx-ng-11.2.0-h12345~ --> conda-forge::libstdcxx-ng-15.1.0-h4852527_3 
  ncurses                 pkgs/main::ncurses-6.4-h6a678d5_0 --> conda-forge::ncurses-6.5-h2d0b736_3 
  openssl              pkgs/main::openssl-3.0.16-h5eee18b_0 --> conda-forge::openssl-3.5.1-h7b32b05_0 
  sqlite                pkgs/main::sqlite-3.45.3-h5eee18b_0 --> conda-forge::sqlite-3.50.2-heff268d_2 
  xz                         pkgs/main::xz-5.6.4-h5eee18b_1 --> conda-forge::xz-5.8.1-hbcc6ac9_2 
  zlib                    pkgs/main::zlib-1.2.13-h5eee18b_1 --> conda-forge::zlib-1.3.1-hb9d3cd8_2 

The following packages will be SUPERSEDED by a higher-priority channel:

  expat                   pkgs/main::expat-2.7.1-h6a678d5_0 --> conda-forge::expat-2.7.0-h5888daf_0 
  python                pkgs/main::python-3.9.23-he99959a_0 --> conda-forge::python-3.9.23-hc30ae73_0_cpython 
  tk                        pkgs/main::tk-8.6.14-h993c535_1 --> conda-forge::tk-8.6.13-noxft_hd72426e_102 



Downloading and Extracting Packages: ...working... done
Preparing transaction: ...working... done
Verifying transaction: ...working... done
Executing transaction: ...working... done
Installing compatible AI packages...
Collecting diffusers==0.26.3
  Downloading diffusers-0.26.3-py3-none-any.whl.metadata (19 kB)
Collecting importlib-metadata (from diffusers==0.26.3)
  Using cached importlib_metadata-8.7.0-py3-none-any.whl.metadata (4.8 kB)
Collecting filelock (from diffusers==0.26.3)
  Using cached filelock-3.18.0-py3-none-any.whl.metadata (2.9 kB)
Collecting huggingface-hub>=0.20.2 (from diffusers==0.26.3)
  Using cached huggingface_hub-0.33.4-py3-none-any.whl.metadata (14 kB)
Requirement already satisfied: numpy in /userhome/cs3/adelalau/anaconda3/envs/poem_vidgen_working/lib/python3.9/site-packages (from diffusers==0.26.3) (2.0.2)
Collecting regex!=2019.12.17 (from diffusers==0.26.3)
  Using cached regex-2024.11.6-cp39-cp39-manylinux_2_17_x86_64.manylinux2014_x86_64.whl.metadata (40 kB)
Collecting requests (from diffusers==0.26.3)
  Using cached requests-2.32.4-py3-none-any.whl.metadata (4.9 kB)
Collecting safetensors>=0.3.1 (from diffusers==0.26.3)
  Using cached safetensors-0.5.3-cp38-abi3-manylinux_2_17_x86_64.manylinux2014_x86_64.whl.metadata (3.8 kB)
Requirement already satisfied: Pillow in /userhome/cs3/adelalau/anaconda3/envs/poem_vidgen_working/lib/python3.9/site-packages (from diffusers==0.26.3) (11.3.0)
Collecting fsspec>=2023.5.0 (from huggingface-hub>=0.20.2->diffusers==0.26.3)
  Using cached fsspec-2025.5.1-py3-none-any.whl.metadata (11 kB)
Requirement already satisfied: packaging>=20.9 in /userhome/cs3/adelalau/anaconda3/envs/poem_vidgen_working/lib/python3.9/site-packages (from huggingface-hub>=0.20.2->diffusers==0.26.3) (25.0)
Collecting pyyaml>=5.1 (from huggingface-hub>=0.20.2->diffusers==0.26.3)
  Using cached PyYAML-6.0.2-cp39-cp39-manylinux_2_17_x86_64.manylinux2014_x86_64.whl.metadata (2.1 kB)
Requirement already satisfied: tqdm>=4.42.1 in /userhome/cs3/adelalau/anaconda3/envs/poem_vidgen_working/lib/python3.9/site-packages (from huggingface-hub>=0.20.2->diffusers==0.26.3) (4.67.1)
Collecting typing-extensions>=3.7.4.3 (from huggingface-hub>=0.20.2->diffusers==0.26.3)
  Using cached typing_extensions-4.14.1-py3-none-any.whl.metadata (3.0 kB)
Collecting hf-xet<2.0.0,>=1.1.2 (from huggingface-hub>=0.20.2->diffusers==0.26.3)
  Using cached hf_xet-1.1.5-cp37-abi3-manylinux_2_17_x86_64.manylinux2014_x86_64.whl.metadata (879 bytes)
Requirement already satisfied: zipp>=3.20 in /userhome/cs3/adelalau/anaconda3/envs/poem_vidgen_working/lib/python3.9/site-packages (from importlib-metadata->diffusers==0.26.3) (3.23.0)
Collecting charset_normalizer<4,>=2 (from requests->diffusers==0.26.3)
  Using cached charset_normalizer-3.4.2-cp39-cp39-manylinux_2_17_x86_64.manylinux2014_x86_64.whl.metadata (35 kB)
Collecting idna<4,>=2.5 (from requests->diffusers==0.26.3)
  Using cached idna-3.10-py3-none-any.whl.metadata (10 kB)
Collecting urllib3<3,>=1.21.1 (from requests->diffusers==0.26.3)
  Using cached urllib3-2.5.0-py3-none-any.whl.metadata (6.5 kB)
Requirement already satisfied: certifi>=2017.4.17 in /userhome/cs3/adelalau/anaconda3/envs/poem_vidgen_working/lib/python3.9/site-packages (from requests->diffusers==0.26.3) (2025.7.9)
Downloading diffusers-0.26.3-py3-none-any.whl (1.9 MB)
   ━━━━━━━━━━━━━━━━━━━━━━━━━━━━━━━━━━━━━━━━ 1.9/1.9 MB 100.5 MB/s eta 0:00:00
Using cached huggingface_hub-0.33.4-py3-none-any.whl (515 kB)
Using cached hf_xet-1.1.5-cp37-abi3-manylinux_2_17_x86_64.manylinux2014_x86_64.whl (3.1 MB)
Using cached fsspec-2025.5.1-py3-none-any.whl (199 kB)
Using cached PyYAML-6.0.2-cp39-cp39-manylinux_2_17_x86_64.manylinux2014_x86_64.whl (737 kB)
Using cached regex-2024.11.6-cp39-cp39-manylinux_2_17_x86_64.manylinux2014_x86_64.whl (780 kB)
Using cached safetensors-0.5.3-cp38-abi3-manylinux_2_17_x86_64.manylinux2014_x86_64.whl (471 kB)
Using cached typing_extensions-4.14.1-py3-none-any.whl (43 kB)
Using cached filelock-3.18.0-py3-none-any.whl (16 kB)
Using cached importlib_metadata-8.7.0-py3-none-any.whl (27 kB)
Using cached requests-2.32.4-py3-none-any.whl (64 kB)
Using cached charset_normalizer-3.4.2-cp39-cp39-manylinux_2_17_x86_64.manylinux2014_x86_64.whl (149 kB)
Using cached idna-3.10-py3-none-any.whl (70 kB)
Using cached urllib3-2.5.0-py3-none-any.whl (129 kB)
Installing collected packages: urllib3, typing-extensions, safetensors, regex, pyyaml, importlib-metadata, idna, hf-xet, fsspec, filelock, charset_normalizer, requests, huggingface-hub, diffusers

Successfully installed charset_normalizer-3.4.2 diffusers-0.26.3 filelock-3.18.0 fsspec-2025.5.1 hf-xet-1.1.5 huggingface-hub-0.33.4 idna-3.10 importlib-metadata-8.7.0 pyyaml-6.0.2 regex-2024.11.6 requests-2.32.4 safetensors-0.5.3 typing-extensions-4.14.1 urllib3-2.5.0
Collecting transformers==4.35.0
  Using cached transformers-4.35.0-py3-none-any.whl.metadata (123 kB)
Requirement already satisfied: filelock in /userhome/cs3/adelalau/anaconda3/envs/poem_vidgen_working/lib/python3.9/site-packages (from transformers==4.35.0) (3.18.0)
Requirement already satisfied: huggingface-hub<1.0,>=0.16.4 in /userhome/cs3/adelalau/anaconda3/envs/poem_vidgen_working/lib/python3.9/site-packages (from transformers==4.35.0) (0.33.4)
Requirement already satisfied: numpy>=1.17 in /userhome/cs3/adelalau/anaconda3/envs/poem_vidgen_working/lib/python3.9/site-packages (from transformers==4.35.0) (2.0.2)
Requirement already satisfied: packaging>=20.0 in /userhome/cs3/adelalau/anaconda3/envs/poem_vidgen_working/lib/python3.9/site-packages (from transformers==4.35.0) (25.0)
Requirement already satisfied: pyyaml>=5.1 in /userhome/cs3/adelalau/anaconda3/envs/poem_vidgen_working/lib/python3.9/site-packages (from transformers==4.35.0) (6.0.2)
Requirement already satisfied: regex!=2019.12.17 in /userhome/cs3/adelalau/anaconda3/envs/poem_vidgen_working/lib/python3.9/site-packages (from transformers==4.35.0) (2024.11.6)
Requirement already satisfied: requests in /userhome/cs3/adelalau/anaconda3/envs/poem_vidgen_working/lib/python3.9/site-packages (from transformers==4.35.0) (2.32.4)
Collecting tokenizers<0.15,>=0.14 (from transformers==4.35.0)
  Using cached tokenizers-0.14.1-cp39-cp39-manylinux_2_17_x86_64.manylinux2014_x86_64.whl.metadata (6.7 kB)
Requirement already satisfied: safetensors>=0.3.1 in /userhome/cs3/adelalau/anaconda3/envs/poem_vidgen_working/lib/python3.9/site-packages (from transformers==4.35.0) (0.5.3)
Requirement already satisfied: tqdm>=4.27 in /userhome/cs3/adelalau/anaconda3/envs/poem_vidgen_working/lib/python3.9/site-packages (from transformers==4.35.0) (4.67.1)
Requirement already satisfied: fsspec>=2023.5.0 in /userhome/cs3/adelalau/anaconda3/envs/poem_vidgen_working/lib/python3.9/site-packages (from huggingface-hub<1.0,>=0.16.4->transformers==4.35.0) (2025.5.1)
Requirement already satisfied: typing-extensions>=3.7.4.3 in /userhome/cs3/adelalau/anaconda3/envs/poem_vidgen_working/lib/python3.9/site-packages (from huggingface-hub<1.0,>=0.16.4->transformers==4.35.0) (4.14.1)
Requirement already satisfied: hf-xet<2.0.0,>=1.1.2 in /userhome/cs3/adelalau/anaconda3/envs/poem_vidgen_working/lib/python3.9/site-packages (from huggingface-hub<1.0,>=0.16.4->transformers==4.35.0) (1.1.5)
Collecting huggingface-hub<1.0,>=0.16.4 (from transformers==4.35.0)
  Using cached huggingface_hub-0.17.3-py3-none-any.whl.metadata (13 kB)
Requirement already satisfied: charset_normalizer<4,>=2 in /userhome/cs3/adelalau/anaconda3/envs/poem_vidgen_working/lib/python3.9/site-packages (from requests->transformers==4.35.0) (3.4.2)
Requirement already satisfied: idna<4,>=2.5 in /userhome/cs3/adelalau/anaconda3/envs/poem_vidgen_working/lib/python3.9/site-packages (from requests->transformers==4.35.0) (3.10)
Requirement already satisfied: urllib3<3,>=1.21.1 in /userhome/cs3/adelalau/anaconda3/envs/poem_vidgen_working/lib/python3.9/site-packages (from requests->transformers==4.35.0) (2.5.0)
Requirement already satisfied: certifi>=2017.4.17 in /userhome/cs3/adelalau/anaconda3/envs/poem_vidgen_working/lib/python3.9/site-packages (from requests->transformers==4.35.0) (2025.7.9)
Using cached transformers-4.35.0-py3-none-any.whl (7.9 MB)
Using cached tokenizers-0.14.1-cp39-cp39-manylinux_2_17_x86_64.manylinux2014_x86_64.whl (3.8 MB)
Using cached huggingface_hub-0.17.3-py3-none-any.whl (295 kB)
Installing collected packages: huggingface-hub, tokenizers, transformers
  Attempting uninstall: huggingface-hub
    Found existing installation: huggingface-hub 0.33.4
    Uninstalling huggingface-hub-0.33.4:
      Successfully uninstalled huggingface-hub-0.33.4

Successfully installed huggingface-hub-0.17.3 tokenizers-0.14.1 transformers-4.35.0
Collecting accelerate==0.24.1
  Using cached accelerate-0.24.1-py3-none-any.whl.metadata (18 kB)
Requirement already satisfied: numpy>=1.17 in /userhome/cs3/adelalau/anaconda3/envs/poem_vidgen_working/lib/python3.9/site-packages (from accelerate==0.24.1) (2.0.2)
Requirement already satisfied: packaging>=20.0 in /userhome/cs3/adelalau/anaconda3/envs/poem_vidgen_working/lib/python3.9/site-packages (from accelerate==0.24.1) (25.0)
Collecting psutil (from accelerate==0.24.1)
  Using cached psutil-7.0.0-cp36-abi3-manylinux_2_12_x86_64.manylinux2010_x86_64.manylinux_2_17_x86_64.manylinux2014_x86_64.whl.metadata (22 kB)
Requirement already satisfied: pyyaml in /userhome/cs3/adelalau/anaconda3/envs/poem_vidgen_working/lib/python3.9/site-packages (from accelerate==0.24.1) (6.0.2)
Collecting torch>=1.10.0 (from accelerate==0.24.1)
  Using cached torch-2.7.1-cp39-cp39-manylinux_2_28_x86_64.whl.metadata (29 kB)
Requirement already satisfied: huggingface-hub in /userhome/cs3/adelalau/anaconda3/envs/poem_vidgen_working/lib/python3.9/site-packages (from accelerate==0.24.1) (0.17.3)
Requirement already satisfied: filelock in /userhome/cs3/adelalau/anaconda3/envs/poem_vidgen_working/lib/python3.9/site-packages (from torch>=1.10.0->accelerate==0.24.1) (3.18.0)
Requirement already satisfied: typing-extensions>=4.10.0 in /userhome/cs3/adelalau/anaconda3/envs/poem_vidgen_working/lib/python3.9/site-packages (from torch>=1.10.0->accelerate==0.24.1) (4.14.1)
Collecting sympy>=1.13.3 (from torch>=1.10.0->accelerate==0.24.1)
  Using cached sympy-1.14.0-py3-none-any.whl.metadata (12 kB)
Collecting networkx (from torch>=1.10.0->accelerate==0.24.1)
  Using cached networkx-3.2.1-py3-none-any.whl.metadata (5.2 kB)
Collecting jinja2 (from torch>=1.10.0->accelerate==0.24.1)
  Using cached jinja2-3.1.6-py3-none-any.whl.metadata (2.9 kB)
Requirement already satisfied: fsspec in /userhome/cs3/adelalau/anaconda3/envs/poem_vidgen_working/lib/python3.9/site-packages (from torch>=1.10.0->accelerate==0.24.1) (2025.5.1)
Collecting nvidia-cuda-nvrtc-cu12==12.6.77 (from torch>=1.10.0->accelerate==0.24.1)
  Using cached nvidia_cuda_nvrtc_cu12-12.6.77-py3-none-manylinux2014_x86_64.whl.metadata (1.5 kB)
Collecting nvidia-cuda-runtime-cu12==12.6.77 (from torch>=1.10.0->accelerate==0.24.1)
  Using cached nvidia_cuda_runtime_cu12-12.6.77-py3-none-manylinux2014_x86_64.manylinux_2_17_x86_64.whl.metadata (1.5 kB)
Collecting nvidia-cuda-cupti-cu12==12.6.80 (from torch>=1.10.0->accelerate==0.24.1)
  Using cached nvidia_cuda_cupti_cu12-12.6.80-py3-none-manylinux2014_x86_64.manylinux_2_17_x86_64.whl.metadata (1.6 kB)
Collecting nvidia-cudnn-cu12==9.5.1.17 (from torch>=1.10.0->accelerate==0.24.1)
  Using cached nvidia_cudnn_cu12-9.5.1.17-py3-none-manylinux_2_28_x86_64.whl.metadata (1.6 kB)
Collecting nvidia-cublas-cu12==12.6.4.1 (from torch>=1.10.0->accelerate==0.24.1)
  Using cached nvidia_cublas_cu12-12.6.4.1-py3-none-manylinux2014_x86_64.manylinux_2_17_x86_64.whl.metadata (1.5 kB)
Collecting nvidia-cufft-cu12==11.3.0.4 (from torch>=1.10.0->accelerate==0.24.1)
  Using cached nvidia_cufft_cu12-11.3.0.4-py3-none-manylinux2014_x86_64.manylinux_2_17_x86_64.whl.metadata (1.5 kB)
Collecting nvidia-curand-cu12==10.3.7.77 (from torch>=1.10.0->accelerate==0.24.1)
  Using cached nvidia_curand_cu12-10.3.7.77-py3-none-manylinux2014_x86_64.manylinux_2_17_x86_64.whl.metadata (1.5 kB)
Collecting nvidia-cusolver-cu12==11.7.1.2 (from torch>=1.10.0->accelerate==0.24.1)
  Using cached nvidia_cusolver_cu12-11.7.1.2-py3-none-manylinux2014_x86_64.manylinux_2_17_x86_64.whl.metadata (1.6 kB)
Collecting nvidia-cusparse-cu12==12.5.4.2 (from torch>=1.10.0->accelerate==0.24.1)
  Using cached nvidia_cusparse_cu12-12.5.4.2-py3-none-manylinux2014_x86_64.manylinux_2_17_x86_64.whl.metadata (1.6 kB)
Collecting nvidia-cusparselt-cu12==0.6.3 (from torch>=1.10.0->accelerate==0.24.1)
  Using cached nvidia_cusparselt_cu12-0.6.3-py3-none-manylinux2014_x86_64.whl.metadata (6.8 kB)
Collecting nvidia-nccl-cu12==2.26.2 (from torch>=1.10.0->accelerate==0.24.1)
  Using cached nvidia_nccl_cu12-2.26.2-py3-none-manylinux2014_x86_64.manylinux_2_17_x86_64.whl.metadata (2.0 kB)
Collecting nvidia-nvtx-cu12==12.6.77 (from torch>=1.10.0->accelerate==0.24.1)
  Using cached nvidia_nvtx_cu12-12.6.77-py3-none-manylinux2014_x86_64.manylinux_2_17_x86_64.whl.metadata (1.6 kB)
Collecting nvidia-nvjitlink-cu12==12.6.85 (from torch>=1.10.0->accelerate==0.24.1)
  Using cached nvidia_nvjitlink_cu12-12.6.85-py3-none-manylinux2010_x86_64.manylinux_2_12_x86_64.whl.metadata (1.5 kB)
Collecting nvidia-cufile-cu12==1.11.1.6 (from torch>=1.10.0->accelerate==0.24.1)
  Using cached nvidia_cufile_cu12-1.11.1.6-py3-none-manylinux2014_x86_64.manylinux_2_17_x86_64.whl.metadata (1.5 kB)
Collecting triton==3.3.1 (from torch>=1.10.0->accelerate==0.24.1)
  Using cached triton-3.3.1-cp39-cp39-manylinux_2_27_x86_64.manylinux_2_28_x86_64.whl.metadata (1.5 kB)
Requirement already satisfied: setuptools>=40.8.0 in /userhome/cs3/adelalau/anaconda3/envs/poem_vidgen_working/lib/python3.9/site-packages (from triton==3.3.1->torch>=1.10.0->accelerate==0.24.1) (78.1.1)
Collecting mpmath<1.4,>=1.1.0 (from sympy>=1.13.3->torch>=1.10.0->accelerate==0.24.1)
  Using cached mpmath-1.3.0-py3-none-any.whl.metadata (8.6 kB)
Requirement already satisfied: requests in /userhome/cs3/adelalau/anaconda3/envs/poem_vidgen_working/lib/python3.9/site-packages (from huggingface-hub->accelerate==0.24.1) (2.32.4)
Requirement already satisfied: tqdm>=4.42.1 in /userhome/cs3/adelalau/anaconda3/envs/poem_vidgen_working/lib/python3.9/site-packages (from huggingface-hub->accelerate==0.24.1) (4.67.1)
Collecting MarkupSafe>=2.0 (from jinja2->torch>=1.10.0->accelerate==0.24.1)
  Using cached MarkupSafe-3.0.2-cp39-cp39-manylinux_2_17_x86_64.manylinux2014_x86_64.whl.metadata (4.0 kB)
Requirement already satisfied: charset_normalizer<4,>=2 in /userhome/cs3/adelalau/anaconda3/envs/poem_vidgen_working/lib/python3.9/site-packages (from requests->huggingface-hub->accelerate==0.24.1) (3.4.2)
Requirement already satisfied: idna<4,>=2.5 in /userhome/cs3/adelalau/anaconda3/envs/poem_vidgen_working/lib/python3.9/site-packages (from requests->huggingface-hub->accelerate==0.24.1) (3.10)
Requirement already satisfied: urllib3<3,>=1.21.1 in /userhome/cs3/adelalau/anaconda3/envs/poem_vidgen_working/lib/python3.9/site-packages (from requests->huggingface-hub->accelerate==0.24.1) (2.5.0)
Requirement already satisfied: certifi>=2017.4.17 in /userhome/cs3/adelalau/anaconda3/envs/poem_vidgen_working/lib/python3.9/site-packages (from requests->huggingface-hub->accelerate==0.24.1) (2025.7.9)
Using cached accelerate-0.24.1-py3-none-any.whl (261 kB)
Using cached torch-2.7.1-cp39-cp39-manylinux_2_28_x86_64.whl (821.1 MB)
Using cached nvidia_cublas_cu12-12.6.4.1-py3-none-manylinux2014_x86_64.manylinux_2_17_x86_64.whl (393.1 MB)
Using cached nvidia_cuda_cupti_cu12-12.6.80-py3-none-manylinux2014_x86_64.manylinux_2_17_x86_64.whl (8.9 MB)
Using cached nvidia_cuda_nvrtc_cu12-12.6.77-py3-none-manylinux2014_x86_64.whl (23.7 MB)
Using cached nvidia_cuda_runtime_cu12-12.6.77-py3-none-manylinux2014_x86_64.manylinux_2_17_x86_64.whl (897 kB)
Using cached nvidia_cudnn_cu12-9.5.1.17-py3-none-manylinux_2_28_x86_64.whl (571.0 MB)
Using cached nvidia_cufft_cu12-11.3.0.4-py3-none-manylinux2014_x86_64.manylinux_2_17_x86_64.whl (200.2 MB)
Using cached nvidia_cufile_cu12-1.11.1.6-py3-none-manylinux2014_x86_64.manylinux_2_17_x86_64.whl (1.1 MB)
Using cached nvidia_curand_cu12-10.3.7.77-py3-none-manylinux2014_x86_64.manylinux_2_17_x86_64.whl (56.3 MB)
Using cached nvidia_cusolver_cu12-11.7.1.2-py3-none-manylinux2014_x86_64.manylinux_2_17_x86_64.whl (158.2 MB)
Using cached nvidia_cusparse_cu12-12.5.4.2-py3-none-manylinux2014_x86_64.manylinux_2_17_x86_64.whl (216.6 MB)
Using cached nvidia_cusparselt_cu12-0.6.3-py3-none-manylinux2014_x86_64.whl (156.8 MB)
Using cached nvidia_nccl_cu12-2.26.2-py3-none-manylinux2014_x86_64.manylinux_2_17_x86_64.whl (201.3 MB)
Using cached nvidia_nvjitlink_cu12-12.6.85-py3-none-manylinux2010_x86_64.manylinux_2_12_x86_64.whl (19.7 MB)
Using cached nvidia_nvtx_cu12-12.6.77-py3-none-manylinux2014_x86_64.manylinux_2_17_x86_64.whl (89 kB)
Using cached triton-3.3.1-cp39-cp39-manylinux_2_27_x86_64.manylinux_2_28_x86_64.whl (155.6 MB)
Using cached sympy-1.14.0-py3-none-any.whl (6.3 MB)
Using cached mpmath-1.3.0-py3-none-any.whl (536 kB)
Using cached jinja2-3.1.6-py3-none-any.whl (134 kB)
Using cached MarkupSafe-3.0.2-cp39-cp39-manylinux_2_17_x86_64.manylinux2014_x86_64.whl (20 kB)
Using cached networkx-3.2.1-py3-none-any.whl (1.6 MB)
Using cached psutil-7.0.0-cp36-abi3-manylinux_2_12_x86_64.manylinux2010_x86_64.manylinux_2_17_x86_64.manylinux2014_x86_64.whl (277 kB)
Installing collected packages: nvidia-cusparselt-cu12, mpmath, triton, sympy, psutil, nvidia-nvtx-cu12, nvidia-nvjitlink-cu12, nvidia-nccl-cu12, nvidia-curand-cu12, nvidia-cufile-cu12, nvidia-cuda-runtime-cu12, nvidia-cuda-nvrtc-cu12, nvidia-cuda-cupti-cu12, nvidia-cublas-cu12, networkx, MarkupSafe, nvidia-cusparse-cu12, nvidia-cufft-cu12, nvidia-cudnn-cu12, jinja2, nvidia-cusolver-cu12, torch, accelerate

Successfully installed MarkupSafe-3.0.2 accelerate-0.24.1 jinja2-3.1.6 mpmath-1.3.0 networkx-3.2.1 nvidia-cublas-cu12-12.6.4.1 nvidia-cuda-cupti-cu12-12.6.80 nvidia-cuda-nvrtc-cu12-12.6.77 nvidia-cuda-runtime-cu12-12.6.77 nvidia-cudnn-cu12-9.5.1.17 nvidia-cufft-cu12-11.3.0.4 nvidia-cufile-cu12-1.11.1.6 nvidia-curand-cu12-10.3.7.77 nvidia-cusolver-cu12-11.7.1.2 nvidia-cusparse-cu12-12.5.4.2 nvidia-cusparselt-cu12-0.6.3 nvidia-nccl-cu12-2.26.2 nvidia-nvjitlink-cu12-12.6.85 nvidia-nvtx-cu12-12.6.77 psutil-7.0.0 sympy-1.14.0 torch-2.7.1 triton-3.3.1
Collecting huggingface_hub==0.19.4
  Downloading huggingface_hub-0.19.4-py3-none-any.whl.metadata (14 kB)
Requirement already satisfied: filelock in /userhome/cs3/adelalau/anaconda3/envs/poem_vidgen_working/lib/python3.9/site-packages (from huggingface_hub==0.19.4) (3.18.0)
Requirement already satisfied: fsspec>=2023.5.0 in /userhome/cs3/adelalau/anaconda3/envs/poem_vidgen_working/lib/python3.9/site-packages (from huggingface_hub==0.19.4) (2025.5.1)
Requirement already satisfied: requests in /userhome/cs3/adelalau/anaconda3/envs/poem_vidgen_working/lib/python3.9/site-packages (from huggingface_hub==0.19.4) (2.32.4)
Requirement already satisfied: tqdm>=4.42.1 in /userhome/cs3/adelalau/anaconda3/envs/poem_vidgen_working/lib/python3.9/site-packages (from huggingface_hub==0.19.4) (4.67.1)
Requirement already satisfied: pyyaml>=5.1 in /userhome/cs3/adelalau/anaconda3/envs/poem_vidgen_working/lib/python3.9/site-packages (from huggingface_hub==0.19.4) (6.0.2)
Requirement already satisfied: typing-extensions>=3.7.4.3 in /userhome/cs3/adelalau/anaconda3/envs/poem_vidgen_working/lib/python3.9/site-packages (from huggingface_hub==0.19.4) (4.14.1)
Requirement already satisfied: packaging>=20.9 in /userhome/cs3/adelalau/anaconda3/envs/poem_vidgen_working/lib/python3.9/site-packages (from huggingface_hub==0.19.4) (25.0)
Requirement already satisfied: charset_normalizer<4,>=2 in /userhome/cs3/adelalau/anaconda3/envs/poem_vidgen_working/lib/python3.9/site-packages (from requests->huggingface_hub==0.19.4) (3.4.2)
Requirement already satisfied: idna<4,>=2.5 in /userhome/cs3/adelalau/anaconda3/envs/poem_vidgen_working/lib/python3.9/site-packages (from requests->huggingface_hub==0.19.4) (3.10)
Requirement already satisfied: urllib3<3,>=1.21.1 in /userhome/cs3/adelalau/anaconda3/envs/poem_vidgen_working/lib/python3.9/site-packages (from requests->huggingface_hub==0.19.4) (2.5.0)
Requirement already satisfied: certifi>=2017.4.17 in /userhome/cs3/adelalau/anaconda3/envs/poem_vidgen_working/lib/python3.9/site-packages (from requests->huggingface_hub==0.19.4) (2025.7.9)
Downloading huggingface_hub-0.19.4-py3-none-any.whl (311 kB)
Installing collected packages: huggingface_hub
  Attempting uninstall: huggingface_hub
    Found existing installation: huggingface-hub 0.17.3
    Uninstalling huggingface-hub-0.17.3:
      Successfully uninstalled huggingface-hub-0.17.3
Successfully installed huggingface_hub-0.19.4
Installing additional packages...
Collecting xformers
  Using cached xformers-0.0.31.post1-cp39-abi3-manylinux_2_28_x86_64.whl.metadata (1.1 kB)
Collecting zhipuai
  Using cached zhipuai-2.1.5.20250708-py3-none-any.whl.metadata (8.8 kB)
Collecting bayesian-optimization
  Using cached bayesian_optimization-3.0.1-py3-none-any.whl.metadata (10 kB)
Collecting opencv-python
  Using cached opencv_python-4.12.0.88-cp37-abi3-manylinux2014_x86_64.manylinux_2_17_x86_64.whl.metadata (19 kB)
Requirement already satisfied: numpy in /userhome/cs3/adelalau/anaconda3/envs/poem_vidgen_working/lib/python3.9/site-packages (from xformers) (2.0.2)
Requirement already satisfied: torch==2.7.1 in /userhome/cs3/adelalau/anaconda3/envs/poem_vidgen_working/lib/python3.9/site-packages (from xformers) (2.7.1)
Requirement already satisfied: filelock in /userhome/cs3/adelalau/anaconda3/envs/poem_vidgen_working/lib/python3.9/site-packages (from torch==2.7.1->xformers) (3.18.0)
Requirement already satisfied: typing-extensions>=4.10.0 in /userhome/cs3/adelalau/anaconda3/envs/poem_vidgen_working/lib/python3.9/site-packages (from torch==2.7.1->xformers) (4.14.1)
Requirement already satisfied: sympy>=1.13.3 in /userhome/cs3/adelalau/anaconda3/envs/poem_vidgen_working/lib/python3.9/site-packages (from torch==2.7.1->xformers) (1.14.0)
Requirement already satisfied: networkx in /userhome/cs3/adelalau/anaconda3/envs/poem_vidgen_working/lib/python3.9/site-packages (from torch==2.7.1->xformers) (3.2.1)
Requirement already satisfied: jinja2 in /userhome/cs3/adelalau/anaconda3/envs/poem_vidgen_working/lib/python3.9/site-packages (from torch==2.7.1->xformers) (3.1.6)
Requirement already satisfied: fsspec in /userhome/cs3/adelalau/anaconda3/envs/poem_vidgen_working/lib/python3.9/site-packages (from torch==2.7.1->xformers) (2025.5.1)
Requirement already satisfied: nvidia-cuda-nvrtc-cu12==12.6.77 in /userhome/cs3/adelalau/anaconda3/envs/poem_vidgen_working/lib/python3.9/site-packages (from torch==2.7.1->xformers) (12.6.77)
Requirement already satisfied: nvidia-cuda-runtime-cu12==12.6.77 in /userhome/cs3/adelalau/anaconda3/envs/poem_vidgen_working/lib/python3.9/site-packages (from torch==2.7.1->xformers) (12.6.77)
Requirement already satisfied: nvidia-cuda-cupti-cu12==12.6.80 in /userhome/cs3/adelalau/anaconda3/envs/poem_vidgen_working/lib/python3.9/site-packages (from torch==2.7.1->xformers) (12.6.80)
Requirement already satisfied: nvidia-cudnn-cu12==9.5.1.17 in /userhome/cs3/adelalau/anaconda3/envs/poem_vidgen_working/lib/python3.9/site-packages (from torch==2.7.1->xformers) (9.5.1.17)
Requirement already satisfied: nvidia-cublas-cu12==12.6.4.1 in /userhome/cs3/adelalau/anaconda3/envs/poem_vidgen_working/lib/python3.9/site-packages (from torch==2.7.1->xformers) (12.6.4.1)
Requirement already satisfied: nvidia-cufft-cu12==11.3.0.4 in /userhome/cs3/adelalau/anaconda3/envs/poem_vidgen_working/lib/python3.9/site-packages (from torch==2.7.1->xformers) (11.3.0.4)
Requirement already satisfied: nvidia-curand-cu12==10.3.7.77 in /userhome/cs3/adelalau/anaconda3/envs/poem_vidgen_working/lib/python3.9/site-packages (from torch==2.7.1->xformers) (10.3.7.77)
Requirement already satisfied: nvidia-cusolver-cu12==11.7.1.2 in /userhome/cs3/adelalau/anaconda3/envs/poem_vidgen_working/lib/python3.9/site-packages (from torch==2.7.1->xformers) (11.7.1.2)
Requirement already satisfied: nvidia-cusparse-cu12==12.5.4.2 in /userhome/cs3/adelalau/anaconda3/envs/poem_vidgen_working/lib/python3.9/site-packages (from torch==2.7.1->xformers) (12.5.4.2)
Requirement already satisfied: nvidia-cusparselt-cu12==0.6.3 in /userhome/cs3/adelalau/anaconda3/envs/poem_vidgen_working/lib/python3.9/site-packages (from torch==2.7.1->xformers) (0.6.3)
Requirement already satisfied: nvidia-nccl-cu12==2.26.2 in /userhome/cs3/adelalau/anaconda3/envs/poem_vidgen_working/lib/python3.9/site-packages (from torch==2.7.1->xformers) (2.26.2)
Requirement already satisfied: nvidia-nvtx-cu12==12.6.77 in /userhome/cs3/adelalau/anaconda3/envs/poem_vidgen_working/lib/python3.9/site-packages (from torch==2.7.1->xformers) (12.6.77)
Requirement already satisfied: nvidia-nvjitlink-cu12==12.6.85 in /userhome/cs3/adelalau/anaconda3/envs/poem_vidgen_working/lib/python3.9/site-packages (from torch==2.7.1->xformers) (12.6.85)
Requirement already satisfied: nvidia-cufile-cu12==1.11.1.6 in /userhome/cs3/adelalau/anaconda3/envs/poem_vidgen_working/lib/python3.9/site-packages (from torch==2.7.1->xformers) (1.11.1.6)
Requirement already satisfied: triton==3.3.1 in /userhome/cs3/adelalau/anaconda3/envs/poem_vidgen_working/lib/python3.9/site-packages (from torch==2.7.1->xformers) (3.3.1)
Requirement already satisfied: setuptools>=40.8.0 in /userhome/cs3/adelalau/anaconda3/envs/poem_vidgen_working/lib/python3.9/site-packages (from triton==3.3.1->torch==2.7.1->xformers) (78.1.1)
Collecting cachetools>=4.2.2 (from zhipuai)
  Using cached cachetools-6.1.0-py3-none-any.whl.metadata (5.4 kB)
Collecting httpx>=0.23.0 (from zhipuai)
  Using cached httpx-0.28.1-py3-none-any.whl.metadata (7.1 kB)
Collecting pydantic<3.0,>=1.9.0 (from zhipuai)
  Using cached pydantic-2.11.7-py3-none-any.whl.metadata (67 kB)
Collecting pydantic-core>=2.14.6 (from zhipuai)
  Using cached pydantic_core-2.35.2-cp39-cp39-manylinux_2_17_x86_64.manylinux2014_x86_64.whl.metadata (6.8 kB)
Collecting pyjwt<2.9.0,>=2.8.0 (from zhipuai)
  Using cached PyJWT-2.8.0-py3-none-any.whl.metadata (4.2 kB)
Collecting annotated-types>=0.6.0 (from pydantic<3.0,>=1.9.0->zhipuai)
  Using cached annotated_types-0.7.0-py3-none-any.whl.metadata (15 kB)
Collecting pydantic-core>=2.14.6 (from zhipuai)
  Using cached pydantic_core-2.33.2-cp39-cp39-manylinux_2_17_x86_64.manylinux2014_x86_64.whl.metadata (6.8 kB)
Collecting typing-inspection>=0.4.0 (from pydantic<3.0,>=1.9.0->zhipuai)
  Using cached typing_inspection-0.4.1-py3-none-any.whl.metadata (2.6 kB)
Requirement already satisfied: colorama<1.0.0,>=0.4.6 in /userhome/cs3/adelalau/anaconda3/envs/poem_vidgen_working/lib/python3.9/site-packages (from bayesian-optimization) (0.4.6)
Collecting scikit-learn<2.0.0,>=1.0.0 (from bayesian-optimization)
  Using cached scikit_learn-1.6.1-cp39-cp39-manylinux_2_17_x86_64.manylinux2014_x86_64.whl.metadata (18 kB)
Collecting scipy<2.0.0,>=1.0.0 (from bayesian-optimization)
  Using cached scipy-1.13.1-cp39-cp39-manylinux_2_17_x86_64.manylinux2014_x86_64.whl.metadata (60 kB)
Collecting joblib>=1.2.0 (from scikit-learn<2.0.0,>=1.0.0->bayesian-optimization)
  Using cached joblib-1.5.1-py3-none-any.whl.metadata (5.6 kB)
Collecting threadpoolctl>=3.1.0 (from scikit-learn<2.0.0,>=1.0.0->bayesian-optimization)
  Using cached threadpoolctl-3.6.0-py3-none-any.whl.metadata (13 kB)
Collecting anyio (from httpx>=0.23.0->zhipuai)
  Using cached anyio-4.9.0-py3-none-any.whl.metadata (4.7 kB)
Requirement already satisfied: certifi in /userhome/cs3/adelalau/anaconda3/envs/poem_vidgen_working/lib/python3.9/site-packages (from httpx>=0.23.0->zhipuai) (2025.7.9)
Collecting httpcore==1.* (from httpx>=0.23.0->zhipuai)
  Using cached httpcore-1.0.9-py3-none-any.whl.metadata (21 kB)
Requirement already satisfied: idna in /userhome/cs3/adelalau/anaconda3/envs/poem_vidgen_working/lib/python3.9/site-packages (from httpx>=0.23.0->zhipuai) (3.10)
Collecting h11>=0.16 (from httpcore==1.*->httpx>=0.23.0->zhipuai)
  Using cached h11-0.16.0-py3-none-any.whl.metadata (8.3 kB)
Requirement already satisfied: mpmath<1.4,>=1.1.0 in /userhome/cs3/adelalau/anaconda3/envs/poem_vidgen_working/lib/python3.9/site-packages (from sympy>=1.13.3->torch==2.7.1->xformers) (1.3.0)
Collecting exceptiongroup>=1.0.2 (from anyio->httpx>=0.23.0->zhipuai)
  Using cached exceptiongroup-1.3.0-py3-none-any.whl.metadata (6.7 kB)
Collecting sniffio>=1.1 (from anyio->httpx>=0.23.0->zhipuai)
  Using cached sniffio-1.3.1-py3-none-any.whl.metadata (3.9 kB)
Requirement already satisfied: MarkupSafe>=2.0 in /userhome/cs3/adelalau/anaconda3/envs/poem_vidgen_working/lib/python3.9/site-packages (from jinja2->torch==2.7.1->xformers) (3.0.2)
Using cached xformers-0.0.31.post1-cp39-abi3-manylinux_2_28_x86_64.whl (117.1 MB)
Using cached zhipuai-2.1.5.20250708-py3-none-any.whl (115 kB)
Using cached pydantic-2.11.7-py3-none-any.whl (444 kB)
Using cached pydantic_core-2.33.2-cp39-cp39-manylinux_2_17_x86_64.manylinux2014_x86_64.whl (2.0 MB)
Using cached PyJWT-2.8.0-py3-none-any.whl (22 kB)
Using cached bayesian_optimization-3.0.1-py3-none-any.whl (36 kB)
Using cached scikit_learn-1.6.1-cp39-cp39-manylinux_2_17_x86_64.manylinux2014_x86_64.whl (13.5 MB)
Using cached scipy-1.13.1-cp39-cp39-manylinux_2_17_x86_64.manylinux2014_x86_64.whl (38.6 MB)
Using cached opencv_python-4.12.0.88-cp37-abi3-manylinux2014_x86_64.manylinux_2_17_x86_64.whl (67.0 MB)
Using cached annotated_types-0.7.0-py3-none-any.whl (13 kB)
Using cached cachetools-6.1.0-py3-none-any.whl (11 kB)
Using cached httpx-0.28.1-py3-none-any.whl (73 kB)
Using cached httpcore-1.0.9-py3-none-any.whl (78 kB)
Using cached h11-0.16.0-py3-none-any.whl (37 kB)
Using cached joblib-1.5.1-py3-none-any.whl (307 kB)
Using cached threadpoolctl-3.6.0-py3-none-any.whl (18 kB)
Using cached typing_inspection-0.4.1-py3-none-any.whl (14 kB)
Using cached anyio-4.9.0-py3-none-any.whl (100 kB)
Using cached exceptiongroup-1.3.0-py3-none-any.whl (16 kB)
Using cached sniffio-1.3.1-py3-none-any.whl (10 kB)
Installing collected packages: typing-inspection, threadpoolctl, sniffio, scipy, pyjwt, pydantic-core, opencv-python, joblib, h11, exceptiongroup, cachetools, annotated-types, scikit-learn, pydantic, httpcore, anyio, httpx, bayesian-optimization, zhipuai, xformers

Successfully installed annotated-types-0.7.0 anyio-4.9.0 bayesian-optimization-3.0.1 cachetools-6.1.0 exceptiongroup-1.3.0 h11-0.16.0 httpcore-1.0.9 httpx-0.28.1 joblib-1.5.1 opencv-python-4.12.0.88 pydantic-2.11.7 pydantic-core-2.33.2 pyjwt-2.8.0 scikit-learn-1.6.1 scipy-1.13.1 sniffio-1.3.1 threadpoolctl-3.6.0 typing-inspection-0.4.1 xformers-0.0.31.post1 zhipuai-2.1.5.20250708
==========================================
Testing All Imports:
==========================================
✓ PyTorch import OK
✓ Diffusers 0.26.3 import OK
❌ DiffusionPipeline failed
